00:25:44: Creating resource group General
00:25:44: Creating resource group Internal
00:25:44: Creating resource group Autodetect
00:25:44: SceneManagerFactory for type 'DefaultSceneManager' registered.
00:25:44: Registering ResourceManager for type Material
00:25:44: Registering ResourceManager for type Mesh
00:25:44: Registering ResourceManager for type Skeleton
00:25:44: MovableObjectFactory for type 'ParticleSystem' registered.
00:25:44: ArchiveFactory for archive type FileSystem registered.
00:25:44: ArchiveFactory for archive type Zip registered.
00:25:44: ArchiveFactory for archive type EmbeddedZip registered.
00:25:44: DDS codec registering
00:25:44: FreeImage version: 3.15.0
00:25:44: This program uses FreeImage, a free, open source image library supporting all common bitmap formats. See http://freeimage.sourceforge.net for details
00:25:44: Supported formats: bmp,ico,jpg,jif,jpeg,jpe,jng,koa,iff,lbm,mng,pbm,pbm,pcd,pcx,pgm,pgm,png,ppm,ppm,ras,tga,targa,tif,tiff,wap,wbmp,wbm,psd,cut,xbm,xpm,gif,hdr,g3,sgi,exr,j2k,j2c,jp2,pfm,pct,pict,pic,3fr,arw,bay,bmq,cap,cine,cr2,crw,cs1,dc2,dcr,drf,dsc,dng,erf,fff,ia,iiq,k25,kc2,kdc,mdc,mef,mos,mrw,nef,nrw,orf,pef,ptx,pxn,qtk,raf,raw,rdc,rw2,rwl,rwz,sr2,srf,sti
00:25:44: Registering ResourceManager for type HighLevelGpuProgram
00:25:44: Registering ResourceManager for type Compositor
00:25:44: MovableObjectFactory for type 'Entity' registered.
00:25:44: MovableObjectFactory for type 'Light' registered.
00:25:44: MovableObjectFactory for type 'BillboardSet' registered.
00:25:44: MovableObjectFactory for type 'ManualObject' registered.
00:25:44: MovableObjectFactory for type 'BillboardChain' registered.
00:25:44: MovableObjectFactory for type 'RibbonTrail' registered.
00:25:44: Loading library /usr/lib64/OGRE/RenderSystem_GL
00:25:44: Installing plugin: GL RenderSystem
00:25:44: OpenGL Rendering Subsystem created.
00:25:44: Plugin successfully installed
00:25:44: Loading library /usr/lib64/OGRE/Plugin_ParticleFX
00:25:44: Installing plugin: ParticleFX
00:25:44: Particle Emitter Type 'Point' registered
00:25:44: Particle Emitter Type 'Box' registered
00:25:44: Particle Emitter Type 'Ellipsoid' registered
00:25:44: Particle Emitter Type 'Cylinder' registered
00:25:44: Particle Emitter Type 'Ring' registered
00:25:44: Particle Emitter Type 'HollowEllipsoid' registered
00:25:44: Particle Affector Type 'LinearForce' registered
00:25:44: Particle Affector Type 'ColourFader' registered
00:25:44: Particle Affector Type 'ColourFader2' registered
00:25:44: Particle Affector Type 'ColourImage' registered
00:25:44: Particle Affector Type 'ColourInterpolator' registered
00:25:44: Particle Affector Type 'Scaler' registered
00:25:44: Particle Affector Type 'Rotator' registered
00:25:44: Particle Affector Type 'DirectionRandomiser' registered
00:25:44: Particle Affector Type 'DeflectorPlane' registered
00:25:44: Plugin successfully installed
00:25:44: Loading library /usr/lib64/OGRE/Plugin_BSPSceneManager
00:25:44: Installing plugin: BSP Scene Manager
00:25:44: Plugin successfully installed
00:25:44: Loading library /usr/lib64/OGRE/Plugin_PCZSceneManager
00:25:44: Installing plugin: Portal Connected Zone Scene Manager
00:25:44: PCZone Factory Type 'ZoneType_Default' registered
00:25:44: Plugin successfully installed
00:25:44: Loading library /usr/lib64/OGRE/Plugin_OctreeZone
00:25:44: Installing plugin: Octree Zone Factory
00:25:44: Plugin successfully installed
00:25:44: Loading library /usr/lib64/OGRE/Plugin_OctreeSceneManager
00:25:44: Installing plugin: Octree Scene Manager
00:25:44: Plugin successfully installed
00:25:44: *-*-* OGRE Initialising
00:25:44: *-*-* Version 1.9.0 (Ghadamon)
00:25:44: Creating resource group Essential
00:25:44: Added resource location '../media/packs/SdkTrays.zip' of type 'Zip' to resource group 'Essential'
00:25:44: Added resource location '../media' of type 'FileSystem' to resource group 'General'
00:25:44: Added resource location '../media/materials/scripts' of type 'FileSystem' to resource group 'General'
00:25:44: Added resource location '../media/materials/textures' of type 'FileSystem' to resource group 'General'
00:25:44: Added resource location '../media/models' of type 'FileSystem' to resource group 'General'
00:25:46: CPU Identifier & Features
00:25:46: -------------------------
00:25:46:  *   CPU ID: AuthenticAMD: AMD A10-5800K APU with Radeon(tm) HD Graphics
00:25:46:  *      SSE: yes
00:25:46:  *     SSE2: yes
00:25:46:  *     SSE3: yes
00:25:46:  *      MMX: yes
00:25:46:  *   MMXEXT: yes
00:25:46:  *    3DNOW: no
00:25:46:  * 3DNOWEXT: no
00:25:46:  *     CMOV: yes
00:25:46:  *      TSC: yes
00:25:46:  *      FPU: yes
00:25:46:  *      PRO: yes
00:25:46:  *       HT: no
00:25:46: -------------------------
00:25:46: ******************************
*** Starting GLX Subsystem ***
******************************
00:25:46: Registering ResourceManager for type Texture
00:25:46: GLRenderSystem::_createRenderWindow "TutorialApplication Render Window", 1920x1080 fullscreen  miscParams: FSAA=0 displayFrequency=60 Hz gamma=No vsync=No 
00:25:46: GLXWindow::create used FBConfigID = 303
00:25:46: GL_VERSION = 3.0 Mesa 11.2.2
00:25:46: GL_VENDOR = X.Org
00:25:46: GL_RENDERER = Gallium 0.4 on AMD ARUBA (DRM 2.43.0, LLVM 3.8.0)
00:25:46: GL_EXTENSIONS = GL_ARB_multisample GL_EXT_abgr GL_EXT_bgra GL_EXT_blend_color GL_EXT_blend_minmax GL_EXT_blend_subtract GL_EXT_copy_texture GL_EXT_polygon_offset GL_EXT_subtexture GL_EXT_texture_object GL_EXT_vertex_array GL_EXT_compiled_vertex_array GL_EXT_texture GL_EXT_texture3D GL_IBM_rasterpos_clip GL_ARB_point_parameters GL_EXT_draw_range_elements GL_EXT_packed_pixels GL_EXT_point_parameters GL_EXT_rescale_normal GL_EXT_separate_specular_color GL_EXT_texture_edge_clamp GL_SGIS_generate_mipmap GL_SGIS_texture_border_clamp GL_SGIS_texture_edge_clamp GL_SGIS_texture_lod GL_ARB_framebuffer_sRGB GL_ARB_multitexture GL_EXT_framebuffer_sRGB GL_IBM_multimode_draw_arrays GL_IBM_texture_mirrored_repeat GL_ARB_texture_cube_map GL_ARB_texture_env_add GL_ARB_transpose_matrix GL_EXT_blend_func_separate GL_EXT_fog_coord GL_EXT_multi_draw_arrays GL_EXT_secondary_color GL_EXT_texture_env_add GL_EXT_texture_filter_anisotropic GL_EXT_texture_lod_bias GL_INGR_blend_func_separate GL_NV_blend_square GL_NV_light_max_exponent GL_NV_texgen_reflection GL_NV_texture_env_combine4 GL_SUN_multi_draw_arrays GL_ARB_texture_border_clamp GL_ARB_texture_compression GL_EXT_framebuffer_object GL_EXT_texture_env_combine GL_EXT_texture_env_dot3 GL_MESA_window_pos GL_NV_packed_depth_stencil GL_NV_texture_rectangle GL_ARB_depth_texture GL_ARB_occlusion_query GL_ARB_shadow GL_ARB_texture_env_combine GL_ARB_texture_env_crossbar GL_ARB_texture_env_dot3 GL_ARB_texture_mirrored_repeat GL_ARB_window_pos GL_EXT_stencil_two_side GL_EXT_texture_cube_map GL_NV_depth_clamp GL_NV_fog_distance GL_APPLE_packed_pixels GL_APPLE_vertex_array_object GL_ARB_draw_buffers GL_ARB_fragment_program GL_ARB_fragment_shader GL_ARB_shader_objects GL_ARB_vertex_program GL_ARB_vertex_shader GL_ATI_draw_buffers GL_ATI_texture_env_combine3 GL_ATI_texture_float GL_EXT_shadow_funcs GL_EXT_stencil_wrap GL_MESA_pack_invert GL_NV_primitive_restart GL_ARB_depth_clamp GL_ARB_fragment_program_shadow GL_ARB_half_float_pixel GL_ARB_occlusion_query2 GL_ARB_point_sprite GL_ARB_shading_language_100 GL_ARB_sync GL_ARB_texture_non_power_of_two GL_ARB_vertex_buffer_object GL_ATI_blend_equation_separate GL_EXT_blend_equation_separate GL_OES_read_format GL_ARB_color_buffer_float GL_ARB_pixel_buffer_object GL_ARB_texture_compression_rgtc GL_ARB_texture_float GL_ARB_texture_rectangle GL_ATI_texture_compression_3dc GL_EXT_packed_float GL_EXT_pixel_buffer_object GL_EXT_texture_compression_rgtc GL_EXT_texture_mirror_clamp GL_EXT_texture_rectangle GL_EXT_texture_sRGB GL_EXT_texture_shared_exponent GL_ARB_framebuffer_object GL_EXT_framebuffer_blit GL_EXT_framebuffer_multisample GL_EXT_packed_depth_stencil GL_ARB_vertex_array_object GL_ATI_separate_stencil GL_ATI_texture_mirror_once GL_EXT_draw_buffers2 GL_EXT_draw_instanced GL_EXT_gpu_program_parameters GL_EXT_texture_array GL_EXT_texture_compression_latc GL_EXT_texture_integer GL_EXT_texture_sRGB_decode GL_EXT_timer_query GL_OES_EGL_image GL_AMD_performance_monitor GL_ARB_copy_buffer GL_ARB_depth_buffer_float GL_ARB_draw_instanced GL_ARB_half_float_vertex GL_ARB_instanced_arrays GL_ARB_map_buffer_range GL_ARB_texture_rg GL_ARB_texture_swizzle GL_ARB_vertex_array_bgra GL_EXT_texture_swizzle GL_EXT_vertex_array_bgra GL_NV_conditional_render GL_AMD_conservative_depth GL_AMD_draw_buffers_blend GL_AMD_seamless_cubemap_per_texture GL_AMD_shader_stencil_export GL_ARB_ES2_compatibility GL_ARB_blend_func_extended GL_ARB_debug_output GL_ARB_draw_buffers_blend GL_ARB_draw_elements_base_vertex GL_ARB_explicit_attrib_location GL_ARB_fragment_coord_conventions GL_ARB_provoking_vertex GL_ARB_sample_shading GL_ARB_sampler_objects GL_ARB_seamless_cube_map GL_ARB_shader_stencil_export GL_ARB_shader_texture_lod GL_ARB_texture_cube_map_array GL_ARB_texture_gather GL_ARB_texture_multisample GL_ARB_texture_query_lod GL_ARB_texture_rgb10_a2ui GL_ARB_uniform_buffer_object GL_ARB_vertex_type_2_10_10_10_rev GL_ATI_meminfo GL_EXT_provoking_vertex GL_EXT_texture_snorm GL_MESA_texture_signed_rgba GL_NV_texture_barrier GL_ARB_get_program_binary GL_ARB_robustness GL_ARB_separate_shader_objects GL_ARB_shader_bit_encoding GL_ARB_shader_precision GL_ARB_texture_compression_bptc GL_ARB_timer_query GL_ARB_transform_feedback2 GL_ARB_transform_feedback3 GL_NV_vdpau_interop GL_ARB_base_instance GL_ARB_compressed_texture_pixel_storage GL_ARB_conservative_depth GL_ARB_internalformat_query GL_ARB_map_buffer_alignment GL_ARB_shading_language_420pack GL_ARB_shading_language_packing GL_ARB_texture_storage GL_ARB_transform_feedback_instanced GL_EXT_framebuffer_multisample_blit_scaled GL_EXT_transform_feedback GL_AMD_shader_trinary_minmax GL_ARB_ES3_compatibility GL_ARB_arrays_of_arrays GL_ARB_clear_buffer_object GL_ARB_copy_image GL_ARB_explicit_uniform_location GL_ARB_invalidate_subdata GL_ARB_program_interface_query GL_ARB_stencil_texturing GL_ARB_texture_query_levels GL_ARB_texture_storage_multisample GL_ARB_texture_view GL_ARB_vertex_attrib_binding GL_KHR_debug GL_AMD_pinned_memory GL_ARB_buffer_storage GL_ARB_multi_bind GL_ARB_seamless_cubemap_per_texture GL_ARB_texture_mirror_clamp_to_edge GL_ARB_texture_stencil8 GL_ARB_vertex_type_10f_11f_11f_rev GL_EXT_shader_integer_mix GL_NVX_gpu_memory_info GL_ARB_clip_control GL_ARB_conditional_render_inverted GL_ARB_derivative_control GL_ARB_get_texture_sub_image GL_ARB_pipeline_statistics_query GL_ARB_shader_texture_image_samples GL_ARB_texture_barrier GL_EXT_polygon_offset_clamp GL_KHR_context_flush_control 
00:25:46: Supported GLX extensions: GLX_ARB_create_context GLX_ARB_create_context_profile GLX_ARB_create_context_robustness GLX_ARB_fbconfig_float GLX_ARB_framebuffer_sRGB GLX_ARB_get_proc_address GLX_ARB_multisample GLX_EXT_import_context GLX_EXT_visual_info GLX_EXT_visual_rating GLX_EXT_fbconfig_packed_float GLX_EXT_framebuffer_sRGB GLX_EXT_create_context_es2_profile GLX_EXT_create_context_es_profile GLX_MESA_copy_sub_buffer GLX_MESA_multithread_makecurrent GLX_MESA_query_renderer GLX_MESA_swap_control GLX_OML_swap_method GLX_OML_sync_control GLX_SGI_make_current_read GLX_SGI_swap_control GLX_SGI_video_sync GLX_SGIS_multisample GLX_SGIX_fbconfig GLX_SGIX_pbuffer GLX_SGIX_visual_select_group GLX_EXT_texture_from_pixmap GLX_INTEL_swap_event 
00:25:46: ***************************
00:25:46: *** GL Renderer Started ***
00:25:46: ***************************
00:25:46: Registering ResourceManager for type GpuProgram
00:25:46: GLSL support detected
00:25:46: GL: Using GL_EXT_framebuffer_object for rendering to textures (best)
00:25:46: FBO PF_UNKNOWN depth/stencil support: D0S1 D0S4 D0S8 D0S16 D16S0 D24S0 D32S0 Packed-D24S8 
00:25:46: FBO PF_L8 depth/stencil support: D0S0 D0S1 D0S4 D0S8 D0S16 D16S0 D24S0 D32S0 Packed-D24S8 
00:25:46: FBO PF_L16 depth/stencil support: D0S0 D0S1 D0S4 D0S8 D0S16 D16S0 D24S0 D32S0 Packed-D24S8 
00:25:46: FBO PF_A8 depth/stencil support: D0S0 D0S1 D0S4 D0S8 D0S16 D16S0 D24S0 D32S0 Packed-D24S8 
00:25:46: FBO PF_BYTE_LA depth/stencil support: D0S0 D0S1 D0S4 D0S8 D0S16 D16S0 D24S0 D32S0 Packed-D24S8 
00:25:46: FBO PF_R5G6B5 depth/stencil support: D0S0 D0S1 D0S4 D0S8 D0S16 D16S0 D24S0 D32S0 Packed-D24S8 
00:25:46: FBO PF_B5G6R5 depth/stencil support: D0S0 D0S1 D0S4 D0S8 D0S16 D16S0 D24S0 D32S0 Packed-D24S8 
00:25:46: FBO PF_A4R4G4B4 depth/stencil support: D0S0 D0S1 D0S4 D0S8 D0S16 D16S0 D24S0 D32S0 Packed-D24S8 
00:25:46: FBO PF_A1R5G5B5 depth/stencil support: D0S0 D0S1 D0S4 D0S8 D0S16 D16S0 D24S0 D32S0 Packed-D24S8 
00:25:46: FBO PF_R8G8B8 depth/stencil support: D0S0 D0S1 D0S4 D0S8 D0S16 D16S0 D24S0 D32S0 Packed-D24S8 
00:25:46: FBO PF_B8G8R8 depth/stencil support: D0S0 D0S1 D0S4 D0S8 D0S16 D16S0 D24S0 D32S0 Packed-D24S8 
00:25:46: FBO PF_A8R8G8B8 depth/stencil support: D0S0 D0S1 D0S4 D0S8 D0S16 D16S0 D24S0 D32S0 Packed-D24S8 
00:25:46: FBO PF_B8G8R8A8 depth/stencil support: D0S0 D0S1 D0S4 D0S8 D0S16 D16S0 D24S0 D32S0 Packed-D24S8 
00:25:46: FBO PF_A2R10G10B10 depth/stencil support: D0S0 D0S1 D0S4 D0S8 D0S16 D16S0 D24S0 D32S0 Packed-D24S8 
00:25:46: FBO PF_A2B10G10R10 depth/stencil support: D0S0 D0S1 D0S4 D0S8 D0S16 D16S0 D24S0 D32S0 Packed-D24S8 
00:25:46: FBO PF_FLOAT16_RGB depth/stencil support: D0S0 D0S1 D0S4 D0S8 D0S16 D16S0 D24S0 D32S0 Packed-D24S8 
00:25:46: FBO PF_FLOAT16_RGBA depth/stencil support: D0S0 D0S1 D0S4 D0S8 D0S16 D16S0 D24S0 D32S0 Packed-D24S8 
00:25:46: FBO PF_FLOAT32_RGB depth/stencil support: D0S0 D0S1 D0S4 D0S8 D0S16 D16S0 D24S0 D32S0 Packed-D24S8 
00:25:46: FBO PF_FLOAT32_RGBA depth/stencil support: D0S0 D0S1 D0S4 D0S8 D0S16 D16S0 D24S0 D32S0 Packed-D24S8 
00:25:46: FBO PF_X8R8G8B8 depth/stencil support: D0S0 D0S1 D0S4 D0S8 D0S16 D16S0 D24S0 D32S0 Packed-D24S8 
00:25:46: FBO PF_X8B8G8R8 depth/stencil support: D0S0 D0S1 D0S4 D0S8 D0S16 D16S0 D24S0 D32S0 Packed-D24S8 
00:25:46: FBO PF_SHORT_RGBA depth/stencil support: D0S0 D0S1 D0S4 D0S8 D0S16 D16S0 D24S0 D32S0 Packed-D24S8 
00:25:46: FBO PF_R3G3B2 depth/stencil support: D0S0 D0S1 D0S4 D0S8 D0S16 D16S0 D24S0 D32S0 Packed-D24S8 
00:25:46: FBO PF_FLOAT16_R depth/stencil support: D0S0 D0S1 D0S4 D0S8 D0S16 D16S0 D24S0 D32S0 Packed-D24S8 
00:25:46: FBO PF_FLOAT32_R depth/stencil support: D0S0 D0S1 D0S4 D0S8 D0S16 D16S0 D24S0 D32S0 Packed-D24S8 
00:25:46: FBO PF_SHORT_GR depth/stencil support: D0S0 D0S1 D0S4 D0S8 D0S16 D16S0 D24S0 D32S0 Packed-D24S8 
00:25:46: FBO PF_FLOAT16_GR depth/stencil support: D0S0 D0S1 D0S4 D0S8 D0S16 D16S0 D24S0 D32S0 Packed-D24S8 
00:25:46: FBO PF_FLOAT32_GR depth/stencil support: D0S0 D0S1 D0S4 D0S8 D0S16 D16S0 D24S0 D32S0 Packed-D24S8 
00:25:46: FBO PF_SHORT_RGB depth/stencil support: D0S0 D0S1 D0S4 D0S8 D0S16 D16S0 D24S0 D32S0 Packed-D24S8 
00:25:46: [GL] : Valid FBO targets PF_UNKNOWN PF_L8 PF_L16 PF_A8 PF_BYTE_LA PF_R5G6B5 PF_B5G6R5 PF_A4R4G4B4 PF_A1R5G5B5 PF_R8G8B8 PF_B8G8R8 PF_A8R8G8B8 PF_B8G8R8A8 PF_A2R10G10B10 PF_A2B10G10R10 PF_FLOAT16_RGB PF_FLOAT16_RGBA PF_FLOAT32_RGB PF_FLOAT32_RGBA PF_X8R8G8B8 PF_X8B8G8R8 PF_SHORT_RGBA PF_R3G3B2 PF_FLOAT16_R PF_FLOAT32_R PF_SHORT_GR PF_FLOAT16_GR PF_FLOAT32_GR PF_SHORT_RGB 
00:25:46: RenderSystem capabilities
00:25:46: -------------------------
00:25:46: RenderSystem Name: OpenGL Rendering Subsystem
00:25:46: GPU Vendor: unknown
00:25:46: Device Name: Gallium 0.4 on AMD ARUBA (DRM 2.43.0, LLVM 3.8.0)
00:25:46: Driver Version: 3.0.0.0
00:25:46:  * Fixed function pipeline: yes
00:25:46:  * Hardware generation of mipmaps: yes
00:25:46:  * Texture blending: yes
00:25:46:  * Anisotropic texture filtering: yes
00:25:46:  * Dot product texture operation: yes
00:25:46:  * Cube mapping: yes
00:25:46:  * Hardware stencil buffer: yes
00:25:46:    - Stencil depth: 8
00:25:46:    - Two sided stencil support: yes
00:25:46:    - Wrap stencil values: yes
00:25:46:  * Hardware vertex / index buffers: yes
00:25:46:  * 32-bit index buffers: yes
00:25:46:  * Vertex programs: yes
00:25:46:  * Number of floating-point constants for vertex programs: 4096
00:25:46:  * Number of integer constants for vertex programs: 0
00:25:46:  * Number of boolean constants for vertex programs: 0
00:25:46:  * Fragment programs: yes
00:25:46:  * Number of floating-point constants for fragment programs: 4096
00:25:46:  * Number of integer constants for fragment programs: 0
00:25:46:  * Number of boolean constants for fragment programs: 0
00:25:46:  * Geometry programs: no
00:25:46:  * Number of floating-point constants for geometry programs: 42105
00:25:46:  * Number of integer constants for geometry programs: 32307
00:25:46:  * Number of boolean constants for geometry programs: 41504
00:25:46:  * Tesselation Hull programs: no
00:25:46:  * Number of floating-point constants for tesselation hull programs: 62331
00:25:46:  * Number of integer constants for tesselation hull programs: 50650
00:25:46:  * Number of boolean constants for tesselation hull programs: 30131
00:25:46:  * Tesselation Domain programs: no
00:25:46:  * Number of floating-point constants for tesselation domain programs: 34501
00:25:46:  * Number of integer constants for tesselation domain programs: 19011
00:25:46:  * Number of boolean constants for tesselation domain programs: 32282
00:25:46:  * Compute programs: no
00:25:46:  * Number of floating-point constants for compute programs: 16245
00:25:46:  * Number of integer constants for compute programs: 7235
00:25:46:  * Number of boolean constants for compute programs: 62194
00:25:46:  * Supported Shader Profiles: arbfp1 arbvp1 glsl glsl100 glsl110 glsl120
00:25:46:  * Texture Compression: yes
00:25:46:    - DXT: no
00:25:46:    - VTC: no
00:25:46:    - PVRTC: no
00:25:46:    - ATC: no
00:25:46:    - ETC1: no
00:25:46:    - ETC2: no
00:25:46:    - BC4/BC5: no
00:25:46:    - BC6H/BC7: no
00:25:46:  * Scissor Rectangle: yes
00:25:46:  * Hardware Occlusion Query: yes
00:25:46:  * User clip planes: yes
00:25:46:  * VET_UBYTE4 vertex element type: yes
00:25:46:  * Infinite far plane projection: yes
00:25:46:  * Hardware render-to-texture: yes
00:25:46:  * Floating point textures: yes
00:25:46:  * Non-power-of-two textures: yes
00:25:46:  * 1d textures: yes
00:25:46:  * Volume textures: yes
00:25:46:  * Multiple Render Targets: 8
00:25:46:    - With different bit depths: yes
00:25:46:  * Point Sprites: yes
00:25:46:  * Extended point parameters: yes
00:25:46:  * Max Point Size: 16384
00:25:46:  * Vertex texture fetch: yes
00:25:46:  * Number of world matrices: 0
00:25:46:  * Number of texture units: 16
00:25:46:  * Stencil buffer depth: 8
00:25:46:  * Number of vertex blend matrices: 0
00:25:46:    - Max vertex textures: 16
00:25:46:    - Vertex textures shared: yes
00:25:46:  * Render to Vertex Buffer : no
00:25:46:  * Hardware Atomic Counters: no
00:25:46:  * GL 1.5 without VBO workaround: no
00:25:46:  * Frame Buffer objects: yes
00:25:46:  * Frame Buffer objects (ARB extension): no
00:25:46:  * Frame Buffer objects (ATI extension): no
00:25:46:  * PBuffer support: yes
00:25:46:  * GL 1.5 without HW-occlusion workaround: no
00:25:46:  * Vertex Array Objects: no
00:25:46:  * Separate shader objects: no
00:25:46: DefaultWorkQueue('Root') initialising on thread 7f6ea0fc4780.
00:25:46: DefaultWorkQueue('Root')::WorkerFunc - thread 7f6e91938700 starting.
00:25:46: DefaultWorkQueue('Root')::WorkerFunc - thread 7f6e91137700 starting.
00:25:46: DefaultWorkQueue('Root')::WorkerFunc - thread 7f6e8bfff700 starting.
00:25:46: DefaultWorkQueue('Root')::WorkerFunc - thread 7f6e90936700 starting.
00:25:46: Particle Renderer Type 'billboard' registered
00:25:46: SceneManagerFactory for type 'BspSceneManager' registered.
00:25:46: Registering ResourceManager for type BspLevel
00:25:46: SceneManagerFactory for type 'PCZSceneManager' registered.
00:25:46: MovableObjectFactory for type 'PCZLight' registered.
00:25:46: MovableObjectFactory for type 'Portal' registered.
00:25:46: MovableObjectFactory for type 'AntiPortal' registered.
00:25:46: PCZone Factory Type 'ZoneType_Octree' registered
00:25:46: SceneManagerFactory for type 'OctreeSceneManager' registered.
00:25:46: OverlayElementFactory for type Panel registered.
00:25:46: OverlayElementFactory for type BorderPanel registered.
00:25:46: OverlayElementFactory for type TextArea registered.
00:25:46: Registering ResourceManager for type Font
00:25:46: Parsing scripts for resource group Autodetect
00:25:46: Finished parsing scripts for resource group Autodetect
00:25:46: Creating resources for group Autodetect
00:25:46: All done
00:25:46: Parsing scripts for resource group Essential
00:25:46: Parsing script SdkTrays.material
00:25:46: Parsing script SdkTrays.fontdef
00:25:46: Parsing script SdkTrays.overlay
00:25:46: Bad element attribute line: '# you can offset the image to change the cursor "hotspot"' for element SdkTrays/Cursor in overlay 
00:25:46: Texture: sdk_cursor.png: Loading 1 faces(PF_A8R8G8B8,32x32x1) with 5 hardware generated mipmaps from Image. Internal format is PF_A8R8G8B8,32x32x1.
00:25:46: Texture: sdk_tray.png: Loading 1 faces(PF_A8R8G8B8,64x64x1) with 5 hardware generated mipmaps from Image. Internal format is PF_A8R8G8B8,64x64x1.
00:25:46: Texture: sdk_button_up.png: Loading 1 faces(PF_A8R8G8B8,128x32x1) with 5 hardware generated mipmaps from Image. Internal format is PF_A8R8G8B8,128x32x1.
00:25:46: Texture: sdk_text_box.png: Loading 1 faces(PF_A8R8G8B8,32x32x1) with 5 hardware generated mipmaps from Image. Internal format is PF_A8R8G8B8,32x32x1.
00:25:46: Texture: sdk_mini_tray.png: Loading 1 faces(PF_A8R8G8B8,32x32x1) with 5 hardware generated mipmaps from Image. Internal format is PF_A8R8G8B8,32x32x1.
00:25:46: Texture: sdk_track.png: Loading 1 faces(PF_A8R8G8B8,16x32x1) with 5 hardware generated mipmaps from Image. Internal format is PF_A8R8G8B8,16x32x1.
00:25:46: Texture: sdk_handle.png: Loading 1 faces(PF_A8R8G8B8,16x16x1) with 4 hardware generated mipmaps from Image. Internal format is PF_A8R8G8B8,16x16x1.
00:25:46: Texture: sdk_mini_text_box.png: Loading 1 faces(PF_A8R8G8B8,32x32x1) with 5 hardware generated mipmaps from Image. Internal format is PF_A8R8G8B8,32x32x1.
00:25:46: Texture: sdk_label.png: Loading 1 faces(PF_A8R8G8B8,32x32x1) with 5 hardware generated mipmaps from Image. Internal format is PF_A8R8G8B8,32x32x1.
00:25:46: Texture: sdk_separator.png: Loading 1 faces(PF_A8R8G8B8,64x16x1) with 5 hardware generated mipmaps from Image. Internal format is PF_A8R8G8B8,64x16x1.
00:25:46: Texture: sdk_logo.png: Loading 1 faces(PF_A8R8G8B8,128x64x1) with 5 hardware generated mipmaps from Image. Internal format is PF_A8R8G8B8,128x64x1.
00:25:46: Texture: sdk_shade.png: Loading 1 faces(PF_A8R8G8B8,64x48x1) with 5 hardware generated mipmaps from Image. Internal format is PF_A8R8G8B8,64x48x1.
00:25:46: Texture: sdk_frame.png: Loading 1 faces(PF_A8R8G8B8,32x32x1) with 5 hardware generated mipmaps from Image. Internal format is PF_A8R8G8B8,32x32x1.
00:25:46: Texture: sdk_mini_text_box_over.png: Loading 1 faces(PF_A8R8G8B8,32x32x1) with 5 hardware generated mipmaps from Image. Internal format is PF_A8R8G8B8,32x32x1.
00:25:46: Texture: sdk_pulse.png: Loading 1 faces(PF_R8G8B8,8x1x1) with 3 hardware generated mipmaps from Image. Internal format is PF_X8R8G8B8,8x1x1.
00:25:46: Finished parsing scripts for resource group Essential
00:25:46: Creating resources for group Essential
00:25:46: All done
00:25:46: Parsing scripts for resource group General
00:25:46: Parsing script Examples.program
00:25:46: OGRE EXCEPTION(6:FileNotFoundException): Cannot locate resource DiffuseOneTexture.glsl in resource group General or any other group. in ResourceGroupManager::openResource at /tmp/SBo/sinbad-ogre-108ab0bcc696/OgreMain/src/OgreResourceGroupManager.cpp (line 756)
00:25:46: High-level program Ogre/BasicFragmentPrograms/DiffuseOneTextureGLSL encountered an error during loading and is thus not supported.
OGRE EXCEPTION(6:FileNotFoundException): Cannot locate resource DiffuseOneTexture.glsl in resource group General or any other group. in ResourceGroupManager::openResource at /tmp/SBo/sinbad-ogre-108ab0bcc696/OgreMain/src/OgreResourceGroupManager.cpp (line 756)
00:25:46: OGRE EXCEPTION(2:InvalidParametersException): Named constants have not been initialised, perhaps a compile error. in GpuProgramParameters::_findNamedConstantDefinition at /tmp/SBo/sinbad-ogre-108ab0bcc696/OgreMain/src/OgreGpuProgramParams.cpp (line 1709)
00:25:46: Compiler error: invalid parameters in Examples.program(142): setting of constant failed
00:25:46: OGRE EXCEPTION(6:FileNotFoundException): Cannot locate resource skinningTwoWeightsVp.glsl in resource group General or any other group. in ResourceGroupManager::openResource at /tmp/SBo/sinbad-ogre-108ab0bcc696/OgreMain/src/OgreResourceGroupManager.cpp (line 756)
00:25:46: High-level program Ogre/HardwareSkinningTwoWeightsGLSL encountered an error during loading and is thus not supported.
OGRE EXCEPTION(6:FileNotFoundException): Cannot locate resource skinningTwoWeightsVp.glsl in resource group General or any other group. in ResourceGroupManager::openResource at /tmp/SBo/sinbad-ogre-108ab0bcc696/OgreMain/src/OgreResourceGroupManager.cpp (line 756)
00:25:46: OGRE EXCEPTION(2:InvalidParametersException): Named constants have not been initialised, perhaps a compile error. in GpuProgramParameters::_findNamedConstantDefinition at /tmp/SBo/sinbad-ogre-108ab0bcc696/OgreMain/src/OgreGpuProgramParams.cpp (line 1709)
00:25:46: Compiler error: invalid parameters in Examples.program(301): setting of constant failed
00:25:46: OGRE EXCEPTION(2:InvalidParametersException): Named constants have not been initialised, perhaps a compile error. in GpuProgramParameters::_findNamedConstantDefinition at /tmp/SBo/sinbad-ogre-108ab0bcc696/OgreMain/src/OgreGpuProgramParams.cpp (line 1709)
00:25:46: Compiler error: invalid parameters in Examples.program(302): setting of constant failed
00:25:46: OGRE EXCEPTION(2:InvalidParametersException): Named constants have not been initialised, perhaps a compile error. in GpuProgramParameters::_findNamedConstantDefinition at /tmp/SBo/sinbad-ogre-108ab0bcc696/OgreMain/src/OgreGpuProgramParams.cpp (line 1709)
00:25:46: Compiler error: invalid parameters in Examples.program(303): setting of constant failed
00:25:46: OGRE EXCEPTION(2:InvalidParametersException): Named constants have not been initialised, perhaps a compile error. in GpuProgramParameters::_findNamedConstantDefinition at /tmp/SBo/sinbad-ogre-108ab0bcc696/OgreMain/src/OgreGpuProgramParams.cpp (line 1709)
00:25:46: Compiler error: invalid parameters in Examples.program(304): setting of constant failed
00:25:46: OGRE EXCEPTION(2:InvalidParametersException): Named constants have not been initialised, perhaps a compile error. in GpuProgramParameters::_findNamedConstantDefinition at /tmp/SBo/sinbad-ogre-108ab0bcc696/OgreMain/src/OgreGpuProgramParams.cpp (line 1709)
00:25:46: Compiler error: invalid parameters in Examples.program(305): setting of constant failed
00:25:46: OGRE EXCEPTION(2:InvalidParametersException): Named constants have not been initialised, perhaps a compile error. in GpuProgramParameters::_findNamedConstantDefinition at /tmp/SBo/sinbad-ogre-108ab0bcc696/OgreMain/src/OgreGpuProgramParams.cpp (line 1709)
00:25:46: Compiler error: invalid parameters in Examples.program(306): setting of constant failed
00:25:46: OGRE EXCEPTION(2:InvalidParametersException): Named constants have not been initialised, perhaps a compile error. in GpuProgramParameters::_findNamedConstantDefinition at /tmp/SBo/sinbad-ogre-108ab0bcc696/OgreMain/src/OgreGpuProgramParams.cpp (line 1709)
00:25:46: Compiler error: invalid parameters in Examples.program(307): setting of constant failed
00:25:46: OGRE EXCEPTION(2:InvalidParametersException): Named constants have not been initialised, perhaps a compile error. in GpuProgramParameters::_findNamedConstantDefinition at /tmp/SBo/sinbad-ogre-108ab0bcc696/OgreMain/src/OgreGpuProgramParams.cpp (line 1709)
00:25:46: Compiler error: invalid parameters in Examples.program(308): setting of constant failed
00:25:46: Parsing script Examples.material
00:25:46: OGRE EXCEPTION(6:FileNotFoundException): Cannot locate resource AmbientOneTexture.glsl in resource group General or any other group. in ResourceGroupManager::openResource at /tmp/SBo/sinbad-ogre-108ab0bcc696/OgreMain/src/OgreResourceGroupManager.cpp (line 756)
00:25:46: High-level program Ogre/BasicVertexPrograms/AmbientOneTextureGLSL encountered an error during loading and is thus not supported.
OGRE EXCEPTION(6:FileNotFoundException): Cannot locate resource AmbientOneTexture.glsl in resource group General or any other group. in ResourceGroupManager::openResource at /tmp/SBo/sinbad-ogre-108ab0bcc696/OgreMain/src/OgreResourceGroupManager.cpp (line 756)
00:25:46: OGRE EXCEPTION(2:InvalidParametersException): Named constants have not been initialised, perhaps a compile error. in GpuProgramParameters::_findNamedConstantDefinition at /tmp/SBo/sinbad-ogre-108ab0bcc696/OgreMain/src/OgreGpuProgramParams.cpp (line 1709)
00:25:46: Compiler error: invalid parameters in Examples.material(265): setting of constant failed
00:25:46: OGRE EXCEPTION(6:FileNotFoundException): Cannot locate resource PassthroughFP.glsl in resource group General or any other group. in ResourceGroupManager::openResource at /tmp/SBo/sinbad-ogre-108ab0bcc696/OgreMain/src/OgreResourceGroupManager.cpp (line 756)
00:25:46: High-level program Ogre/BasicFragmentPrograms/PassthroughFpGLSL encountered an error during loading and is thus not supported.
OGRE EXCEPTION(6:FileNotFoundException): Cannot locate resource PassthroughFP.glsl in resource group General or any other group. in ResourceGroupManager::openResource at /tmp/SBo/sinbad-ogre-108ab0bcc696/OgreMain/src/OgreResourceGroupManager.cpp (line 756)
00:25:46: OGRE EXCEPTION(6:FileNotFoundException): Cannot locate resource skinningTwoWeightsShadowCasterVp.glsl in resource group General or any other group. in ResourceGroupManager::openResource at /tmp/SBo/sinbad-ogre-108ab0bcc696/OgreMain/src/OgreResourceGroupManager.cpp (line 756)
00:25:46: High-level program Ogre/HardwareSkinningTwoWeightsShadowCasterGLSL encountered an error during loading and is thus not supported.
OGRE EXCEPTION(6:FileNotFoundException): Cannot locate resource skinningTwoWeightsShadowCasterVp.glsl in resource group General or any other group. in ResourceGroupManager::openResource at /tmp/SBo/sinbad-ogre-108ab0bcc696/OgreMain/src/OgreResourceGroupManager.cpp (line 756)
00:25:46: OGRE EXCEPTION(2:InvalidParametersException): Named constants have not been initialised, perhaps a compile error. in GpuProgramParameters::_findNamedConstantDefinition at /tmp/SBo/sinbad-ogre-108ab0bcc696/OgreMain/src/OgreGpuProgramParams.cpp (line 1709)
00:25:46: Compiler error: invalid parameters in Examples.material(2103): setting of constant failed
00:25:46: OGRE EXCEPTION(2:InvalidParametersException): Named constants have not been initialised, perhaps a compile error. in GpuProgramParameters::_findNamedConstantDefinition at /tmp/SBo/sinbad-ogre-108ab0bcc696/OgreMain/src/OgreGpuProgramParams.cpp (line 1709)
00:25:46: Compiler error: invalid parameters in Examples.material(2104): setting of constant failed
00:25:46: OGRE EXCEPTION(2:InvalidParametersException): Named constants have not been initialised, perhaps a compile error. in GpuProgramParameters::_findNamedConstantDefinition at /tmp/SBo/sinbad-ogre-108ab0bcc696/OgreMain/src/OgreGpuProgramParams.cpp (line 1709)
00:25:46: Compiler error: invalid parameters in Examples.material(2105): setting of constant failed
00:25:46: Parsing script Ogre.material
00:25:46: Finished parsing scripts for resource group General
00:25:46: Creating resources for group General
00:25:46: All done
00:25:46: Parsing scripts for resource group Internal
00:25:46: Finished parsing scripts for resource group Internal
00:25:46: Creating resources for group Internal
00:25:46: All done
00:25:46: Mesh: Loading ninja.mesh.
00:25:46: Skeleton: Loading ninja.skeleton
00:25:46: Texture: nskingr.jpg: Loading 1 faces(PF_R8G8B8,512x512x1) with 5 hardware generated mipmaps from Image. Internal format is PF_X8R8G8B8,512x512x1.
00:25:46: Texture: rockwall.tga: Loading 1 faces(PF_R8G8B8,256x256x1) with 5 hardware generated mipmaps from Image. Internal format is PF_X8R8G8B8,256x256x1.
00:25:46: *** Initializing OIS ***
00:25:46: OGRE EXCEPTION(7:InternalErrorException): Cannot load GL vertex program Ogre/ShadowExtrudeDirLightFiniteDebug.  Line 299:
line 12, char 5: error: syntax error, unexpected IDENTIFIER, expecting RESULT or USED_IDENTIFIER
 in Ogre/ShadowExtrudeDirLightFiniteDebug at /tmp/SBo/sinbad-ogre-108ab0bcc696/RenderSystems/GL/src/OgreGLGpuProgram.cpp (line 251)
00:25:46: Gpu program Ogre/ShadowExtrudeDirLightFiniteDebug encountered an error during loading and is thus not supported.
00:25:46: Texture: spot_shadow_fade.png: Loading 1 faces(PF_R8G8B8,128x128x1) with 5 hardware generated mipmaps from Image. Internal format is PF_X8R8G8B8,128x128x1.
00:25:46: Font SdkTrays/Caption using texture size 512x256
00:25:46: Info: Freetype returned null for character 160 in font SdkTrays/Caption
00:25:46: Texture: SdkTrays/CaptionTexture: Loading 1 faces(PF_BYTE_LA,512x256x1) Internal format is PF_BYTE_LA,512x256x1.
00:25:46: Font SdkTrays/Value using texture size 512x256
00:25:46: Info: Freetype returned null for character 127 in font SdkTrays/Value
00:25:46: Info: Freetype returned null for character 128 in font SdkTrays/Value
00:25:46: Info: Freetype returned null for character 129 in font SdkTrays/Value
00:25:46: Info: Freetype returned null for character 130 in font SdkTrays/Value
00:25:46: Info: Freetype returned null for character 131 in font SdkTrays/Value
00:25:46: Info: Freetype returned null for character 132 in font SdkTrays/Value
00:25:46: Info: Freetype returned null for character 133 in font SdkTrays/Value
00:25:46: Info: Freetype returned null for character 134 in font SdkTrays/Value
00:25:46: Info: Freetype returned null for character 135 in font SdkTrays/Value
00:25:46: Info: Freetype returned null for character 136 in font SdkTrays/Value
00:25:46: Info: Freetype returned null for character 137 in font SdkTrays/Value
00:25:46: Info: Freetype returned null for character 138 in font SdkTrays/Value
00:25:46: Info: Freetype returned null for character 139 in font SdkTrays/Value
00:25:46: Info: Freetype returned null for character 140 in font SdkTrays/Value
00:25:46: Info: Freetype returned null for character 141 in font SdkTrays/Value
00:25:46: Info: Freetype returned null for character 142 in font SdkTrays/Value
00:25:46: Info: Freetype returned null for character 143 in font SdkTrays/Value
00:25:46: Info: Freetype returned null for character 144 in font SdkTrays/Value
00:25:46: Info: Freetype returned null for character 145 in font SdkTrays/Value
00:25:46: Info: Freetype returned null for character 146 in font SdkTrays/Value
00:25:46: Info: Freetype returned null for character 147 in font SdkTrays/Value
00:25:46: Info: Freetype returned null for character 148 in font SdkTrays/Value
00:25:46: Info: Freetype returned null for character 149 in font SdkTrays/Value
00:25:46: Info: Freetype returned null for character 150 in font SdkTrays/Value
00:25:46: Info: Freetype returned null for character 151 in font SdkTrays/Value
00:25:46: Info: Freetype returned null for character 152 in font SdkTrays/Value
00:25:46: Info: Freetype returned null for character 153 in font SdkTrays/Value
00:25:46: Info: Freetype returned null for character 154 in font SdkTrays/Value
00:25:46: Info: Freetype returned null for character 155 in font SdkTrays/Value
00:25:46: Info: Freetype returned null for character 156 in font SdkTrays/Value
00:25:46: Info: Freetype returned null for character 157 in font SdkTrays/Value
00:25:46: Info: Freetype returned null for character 158 in font SdkTrays/Value
00:25:46: Info: Freetype returned null for character 159 in font SdkTrays/Value
00:25:46: Info: Freetype returned null for character 160 in font SdkTrays/Value
00:25:46: Texture: SdkTrays/ValueTexture: Loading 1 faces(PF_BYTE_LA,512x256x1) Internal format is PF_BYTE_LA,512x256x1.
00:27:17: DefaultWorkQueue('Root') shutting down on thread 7f6ea0fc4780.
00:27:17: DefaultWorkQueue('Root')::WorkerFunc - thread 7f6e91938700 stopped.
00:27:17: DefaultWorkQueue('Root')::WorkerFunc - thread 7f6e8bfff700 stopped.
00:27:17: DefaultWorkQueue('Root')::WorkerFunc - thread 7f6e90936700 stopped.
00:27:17: DefaultWorkQueue('Root')::WorkerFunc - thread 7f6e91137700 stopped.
00:27:17: PCZone Factory Type 'ZoneType_Octree' unregistered
00:27:17: Unregistering ResourceManager for type BspLevel
00:27:17: *-*-* OGRE Shutdown
00:27:17: Unregistering ResourceManager for type Compositor
00:27:17: Unregistering ResourceManager for type Skeleton
00:27:17: Unregistering ResourceManager for type Mesh
00:27:17: Unregistering ResourceManager for type HighLevelGpuProgram
00:27:17: Uninstalling plugin: Octree Scene Manager
00:27:17: Plugin successfully uninstalled
00:27:17: Unloading library /usr/lib64/OGRE/Plugin_OctreeSceneManager
00:27:17: Uninstalling plugin: Octree Zone Factory
00:27:17: Plugin successfully uninstalled
00:27:17: Unloading library /usr/lib64/OGRE/Plugin_OctreeZone
00:27:17: Uninstalling plugin: Portal Connected Zone Scene Manager
00:27:17: Plugin successfully uninstalled
00:27:17: Unloading library /usr/lib64/OGRE/Plugin_PCZSceneManager
00:27:17: Uninstalling plugin: BSP Scene Manager
00:27:17: Plugin successfully uninstalled
00:27:17: Unloading library /usr/lib64/OGRE/Plugin_BSPSceneManager
00:27:17: Uninstalling plugin: ParticleFX
00:27:17: Plugin successfully uninstalled
00:27:17: Unloading library /usr/lib64/OGRE/Plugin_ParticleFX
00:27:17: Uninstalling plugin: GL RenderSystem
00:27:17: Unregistering ResourceManager for type GpuProgram
00:27:17: ******************************
*** Stopping GLX Subsystem ***
******************************
00:27:17: Unregistering ResourceManager for type Texture
00:27:17: Plugin successfully uninstalled
00:27:17: Unloading library /usr/lib64/OGRE/RenderSystem_GL
00:27:17: Unregistering ResourceManager for type Material
