The system is: Linux - 4.7.1-1-ARCH - x86_64
Compiling the C compiler identification source file "CMakeCCompilerId.c" succeeded.
Compiler: /usr/bin/cc 
Build flags: 
Id flags: 

The output was:
0


Compilation of the C compiler identification source "CMakeCCompilerId.c" produced "a.out"

The C compiler identification is GNU, found in "/home/qtkr64/work/tmp/ogre3d/ogre_lessons/CMakeFiles/3.6.1/CompilerIdC/a.out"

Compiling the CXX compiler identification source file "CMakeCXXCompilerId.cpp" succeeded.
Compiler: /usr/bin/c++ 
Build flags: 
Id flags: 

The output was:
0


Compilation of the CXX compiler identification source "CMakeCXXCompilerId.cpp" produced "a.out"

The CXX compiler identification is GNU, found in "/home/qtkr64/work/tmp/ogre3d/ogre_lessons/CMakeFiles/3.6.1/CompilerIdCXX/a.out"

Determining if the C compiler works passed with the following output:
Change Dir: /home/qtkr64/work/tmp/ogre3d/ogre_lessons/CMakeFiles/CMakeTmp

Run Build Command:"/usr/bin/make" "cmTC_1a6b4/fast"
/usr/bin/make -f CMakeFiles/cmTC_1a6b4.dir/build.make CMakeFiles/cmTC_1a6b4.dir/build
make[1]: вход в каталог «/home/qtkr64/work/tmp/ogre3d/ogre_lessons/CMakeFiles/CMakeTmp»
Building C object CMakeFiles/cmTC_1a6b4.dir/testCCompiler.c.o
/usr/bin/cc     -o CMakeFiles/cmTC_1a6b4.dir/testCCompiler.c.o   -c /home/qtkr64/work/tmp/ogre3d/ogre_lessons/CMakeFiles/CMakeTmp/testCCompiler.c
Linking C executable cmTC_1a6b4
/usr/bin/cmake -E cmake_link_script CMakeFiles/cmTC_1a6b4.dir/link.txt --verbose=1
/usr/bin/cc       CMakeFiles/cmTC_1a6b4.dir/testCCompiler.c.o  -o cmTC_1a6b4 -rdynamic 
make[1]: выход из каталога «/home/qtkr64/work/tmp/ogre3d/ogre_lessons/CMakeFiles/CMakeTmp»


Detecting C compiler ABI info compiled with the following output:
Change Dir: /home/qtkr64/work/tmp/ogre3d/ogre_lessons/CMakeFiles/CMakeTmp

Run Build Command:"/usr/bin/make" "cmTC_95aa8/fast"
/usr/bin/make -f CMakeFiles/cmTC_95aa8.dir/build.make CMakeFiles/cmTC_95aa8.dir/build
make[1]: вход в каталог «/home/qtkr64/work/tmp/ogre3d/ogre_lessons/CMakeFiles/CMakeTmp»
Building C object CMakeFiles/cmTC_95aa8.dir/CMakeCCompilerABI.c.o
/usr/bin/cc     -o CMakeFiles/cmTC_95aa8.dir/CMakeCCompilerABI.c.o   -c /usr/share/cmake-3.6/Modules/CMakeCCompilerABI.c
Linking C executable cmTC_95aa8
/usr/bin/cmake -E cmake_link_script CMakeFiles/cmTC_95aa8.dir/link.txt --verbose=1
/usr/bin/cc      -v CMakeFiles/cmTC_95aa8.dir/CMakeCCompilerABI.c.o  -o cmTC_95aa8 -rdynamic  
Используются внутренние спецификации.
COLLECT_GCC=/usr/bin/cc
COLLECT_LTO_WRAPPER=/usr/lib/gcc/x86_64-pc-linux-gnu/6.1.1/lto-wrapper
Целевая архитектура: x86_64-pc-linux-gnu
Параметры конфигурации: /build/gcc-multilib/src/gcc/configure --prefix=/usr --libdir=/usr/lib --libexecdir=/usr/lib --mandir=/usr/share/man --infodir=/usr/share/info --with-bugurl=https://bugs.archlinux.org/ --enable-languages=c,c++,ada,fortran,go,lto,objc,obj-c++ --enable-shared --enable-threads=posix --enable-libmpx --with-system-zlib --with-isl --enable-__cxa_atexit --disable-libunwind-exceptions --enable-clocale=gnu --disable-libstdcxx-pch --disable-libssp --enable-gnu-unique-object --enable-linker-build-id --enable-lto --enable-plugin --enable-install-libiberty --with-linker-hash-style=gnu --enable-gnu-indirect-function --enable-multilib --disable-werror --enable-checking=release
Модель многопоточности: posix
gcc версия 6.1.1 20160802 (GCC) 
COMPILER_PATH=/usr/lib/gcc/x86_64-pc-linux-gnu/6.1.1/:/usr/lib/gcc/x86_64-pc-linux-gnu/6.1.1/:/usr/lib/gcc/x86_64-pc-linux-gnu/:/usr/lib/gcc/x86_64-pc-linux-gnu/6.1.1/:/usr/lib/gcc/x86_64-pc-linux-gnu/
LIBRARY_PATH=/usr/lib/gcc/x86_64-pc-linux-gnu/6.1.1/:/usr/lib/gcc/x86_64-pc-linux-gnu/6.1.1/../../../../lib/:/lib/../lib/:/usr/lib/../lib/:/usr/lib/gcc/x86_64-pc-linux-gnu/6.1.1/../../../:/lib/:/usr/lib/
COLLECT_GCC_OPTIONS='-v' '-o' 'cmTC_95aa8' '-rdynamic' '-mtune=generic' '-march=x86-64'
 /usr/lib/gcc/x86_64-pc-linux-gnu/6.1.1/collect2 -plugin /usr/lib/gcc/x86_64-pc-linux-gnu/6.1.1/liblto_plugin.so -plugin-opt=/usr/lib/gcc/x86_64-pc-linux-gnu/6.1.1/lto-wrapper -plugin-opt=-fresolution=/tmp/cc2E0fmB.res -plugin-opt=-pass-through=-lgcc -plugin-opt=-pass-through=-lgcc_s -plugin-opt=-pass-through=-lc -plugin-opt=-pass-through=-lgcc -plugin-opt=-pass-through=-lgcc_s --build-id --eh-frame-hdr --hash-style=gnu -m elf_x86_64 -export-dynamic -dynamic-linker /lib64/ld-linux-x86-64.so.2 -o cmTC_95aa8 /usr/lib/gcc/x86_64-pc-linux-gnu/6.1.1/../../../../lib/crt1.o /usr/lib/gcc/x86_64-pc-linux-gnu/6.1.1/../../../../lib/crti.o /usr/lib/gcc/x86_64-pc-linux-gnu/6.1.1/crtbegin.o -L/usr/lib/gcc/x86_64-pc-linux-gnu/6.1.1 -L/usr/lib/gcc/x86_64-pc-linux-gnu/6.1.1/../../../../lib -L/lib/../lib -L/usr/lib/../lib -L/usr/lib/gcc/x86_64-pc-linux-gnu/6.1.1/../../.. CMakeFiles/cmTC_95aa8.dir/CMakeCCompilerABI.c.o -lgcc --as-needed -lgcc_s --no-as-needed -lc -lgcc --as-needed -lgcc_s --no-as-needed /usr/lib/gcc/x86_64-pc-linux-gnu/6.1.1/crtend.o /usr/lib/gcc/x86_64-pc-linux-gnu/6.1.1/../../../../lib/crtn.o
COLLECT_GCC_OPTIONS='-v' '-o' 'cmTC_95aa8' '-rdynamic' '-mtune=generic' '-march=x86-64'
make[1]: выход из каталога «/home/qtkr64/work/tmp/ogre3d/ogre_lessons/CMakeFiles/CMakeTmp»


Parsed C implicit link information from above output:
  link line regex: [^( *|.*[/\])(ld|([^/\]+-)?ld|collect2)[^/\]*( |$)]
  ignore line: [Change Dir: /home/qtkr64/work/tmp/ogre3d/ogre_lessons/CMakeFiles/CMakeTmp]
  ignore line: []
  ignore line: [Run Build Command:"/usr/bin/make" "cmTC_95aa8/fast"]
  ignore line: [/usr/bin/make -f CMakeFiles/cmTC_95aa8.dir/build.make CMakeFiles/cmTC_95aa8.dir/build]
  ignore line: [make[1]: вход в каталог «/home/qtkr64/work/tmp/ogre3d/ogre_lessons/CMakeFiles/CMakeTmp»]
  ignore line: [Building C object CMakeFiles/cmTC_95aa8.dir/CMakeCCompilerABI.c.o]
  ignore line: [/usr/bin/cc     -o CMakeFiles/cmTC_95aa8.dir/CMakeCCompilerABI.c.o   -c /usr/share/cmake-3.6/Modules/CMakeCCompilerABI.c]
  ignore line: [Linking C executable cmTC_95aa8]
  ignore line: [/usr/bin/cmake -E cmake_link_script CMakeFiles/cmTC_95aa8.dir/link.txt --verbose=1]
  ignore line: [/usr/bin/cc      -v CMakeFiles/cmTC_95aa8.dir/CMakeCCompilerABI.c.o  -o cmTC_95aa8 -rdynamic  ]
  ignore line: [Используются внутренние спецификации.]
  ignore line: [COLLECT_GCC=/usr/bin/cc]
  ignore line: [COLLECT_LTO_WRAPPER=/usr/lib/gcc/x86_64-pc-linux-gnu/6.1.1/lto-wrapper]
  ignore line: [Целевая архитектура: x86_64-pc-linux-gnu]
  ignore line: [Параметры конфигурации: /build/gcc-multilib/src/gcc/configure --prefix=/usr --libdir=/usr/lib --libexecdir=/usr/lib --mandir=/usr/share/man --infodir=/usr/share/info --with-bugurl=https://bugs.archlinux.org/ --enable-languages=c,c++,ada,fortran,go,lto,objc,obj-c++ --enable-shared --enable-threads=posix --enable-libmpx --with-system-zlib --with-isl --enable-__cxa_atexit --disable-libunwind-exceptions --enable-clocale=gnu --disable-libstdcxx-pch --disable-libssp --enable-gnu-unique-object --enable-linker-build-id --enable-lto --enable-plugin --enable-install-libiberty --with-linker-hash-style=gnu --enable-gnu-indirect-function --enable-multilib --disable-werror --enable-checking=release]
  ignore line: [Модель многопоточности: posix]
  ignore line: [gcc версия 6.1.1 20160802 (GCC) ]
  ignore line: [COMPILER_PATH=/usr/lib/gcc/x86_64-pc-linux-gnu/6.1.1/:/usr/lib/gcc/x86_64-pc-linux-gnu/6.1.1/:/usr/lib/gcc/x86_64-pc-linux-gnu/:/usr/lib/gcc/x86_64-pc-linux-gnu/6.1.1/:/usr/lib/gcc/x86_64-pc-linux-gnu/]
  ignore line: [LIBRARY_PATH=/usr/lib/gcc/x86_64-pc-linux-gnu/6.1.1/:/usr/lib/gcc/x86_64-pc-linux-gnu/6.1.1/../../../../lib/:/lib/../lib/:/usr/lib/../lib/:/usr/lib/gcc/x86_64-pc-linux-gnu/6.1.1/../../../:/lib/:/usr/lib/]
  ignore line: [COLLECT_GCC_OPTIONS='-v' '-o' 'cmTC_95aa8' '-rdynamic' '-mtune=generic' '-march=x86-64']
  link line: [ /usr/lib/gcc/x86_64-pc-linux-gnu/6.1.1/collect2 -plugin /usr/lib/gcc/x86_64-pc-linux-gnu/6.1.1/liblto_plugin.so -plugin-opt=/usr/lib/gcc/x86_64-pc-linux-gnu/6.1.1/lto-wrapper -plugin-opt=-fresolution=/tmp/cc2E0fmB.res -plugin-opt=-pass-through=-lgcc -plugin-opt=-pass-through=-lgcc_s -plugin-opt=-pass-through=-lc -plugin-opt=-pass-through=-lgcc -plugin-opt=-pass-through=-lgcc_s --build-id --eh-frame-hdr --hash-style=gnu -m elf_x86_64 -export-dynamic -dynamic-linker /lib64/ld-linux-x86-64.so.2 -o cmTC_95aa8 /usr/lib/gcc/x86_64-pc-linux-gnu/6.1.1/../../../../lib/crt1.o /usr/lib/gcc/x86_64-pc-linux-gnu/6.1.1/../../../../lib/crti.o /usr/lib/gcc/x86_64-pc-linux-gnu/6.1.1/crtbegin.o -L/usr/lib/gcc/x86_64-pc-linux-gnu/6.1.1 -L/usr/lib/gcc/x86_64-pc-linux-gnu/6.1.1/../../../../lib -L/lib/../lib -L/usr/lib/../lib -L/usr/lib/gcc/x86_64-pc-linux-gnu/6.1.1/../../.. CMakeFiles/cmTC_95aa8.dir/CMakeCCompilerABI.c.o -lgcc --as-needed -lgcc_s --no-as-needed -lc -lgcc --as-needed -lgcc_s --no-as-needed /usr/lib/gcc/x86_64-pc-linux-gnu/6.1.1/crtend.o /usr/lib/gcc/x86_64-pc-linux-gnu/6.1.1/../../../../lib/crtn.o]
    arg [/usr/lib/gcc/x86_64-pc-linux-gnu/6.1.1/collect2] ==> ignore
    arg [-plugin] ==> ignore
    arg [/usr/lib/gcc/x86_64-pc-linux-gnu/6.1.1/liblto_plugin.so] ==> ignore
    arg [-plugin-opt=/usr/lib/gcc/x86_64-pc-linux-gnu/6.1.1/lto-wrapper] ==> ignore
    arg [-plugin-opt=-fresolution=/tmp/cc2E0fmB.res] ==> ignore
    arg [-plugin-opt=-pass-through=-lgcc] ==> ignore
    arg [-plugin-opt=-pass-through=-lgcc_s] ==> ignore
    arg [-plugin-opt=-pass-through=-lc] ==> ignore
    arg [-plugin-opt=-pass-through=-lgcc] ==> ignore
    arg [-plugin-opt=-pass-through=-lgcc_s] ==> ignore
    arg [--build-id] ==> ignore
    arg [--eh-frame-hdr] ==> ignore
    arg [--hash-style=gnu] ==> ignore
    arg [-m] ==> ignore
    arg [elf_x86_64] ==> ignore
    arg [-export-dynamic] ==> ignore
    arg [-dynamic-linker] ==> ignore
    arg [/lib64/ld-linux-x86-64.so.2] ==> ignore
    arg [-o] ==> ignore
    arg [cmTC_95aa8] ==> ignore
    arg [/usr/lib/gcc/x86_64-pc-linux-gnu/6.1.1/../../../../lib/crt1.o] ==> ignore
    arg [/usr/lib/gcc/x86_64-pc-linux-gnu/6.1.1/../../../../lib/crti.o] ==> ignore
    arg [/usr/lib/gcc/x86_64-pc-linux-gnu/6.1.1/crtbegin.o] ==> ignore
    arg [-L/usr/lib/gcc/x86_64-pc-linux-gnu/6.1.1] ==> dir [/usr/lib/gcc/x86_64-pc-linux-gnu/6.1.1]
    arg [-L/usr/lib/gcc/x86_64-pc-linux-gnu/6.1.1/../../../../lib] ==> dir [/usr/lib/gcc/x86_64-pc-linux-gnu/6.1.1/../../../../lib]
    arg [-L/lib/../lib] ==> dir [/lib/../lib]
    arg [-L/usr/lib/../lib] ==> dir [/usr/lib/../lib]
    arg [-L/usr/lib/gcc/x86_64-pc-linux-gnu/6.1.1/../../..] ==> dir [/usr/lib/gcc/x86_64-pc-linux-gnu/6.1.1/../../..]
    arg [CMakeFiles/cmTC_95aa8.dir/CMakeCCompilerABI.c.o] ==> ignore
    arg [-lgcc] ==> lib [gcc]
    arg [--as-needed] ==> ignore
    arg [-lgcc_s] ==> lib [gcc_s]
    arg [--no-as-needed] ==> ignore
    arg [-lc] ==> lib [c]
    arg [-lgcc] ==> lib [gcc]
    arg [--as-needed] ==> ignore
    arg [-lgcc_s] ==> lib [gcc_s]
    arg [--no-as-needed] ==> ignore
    arg [/usr/lib/gcc/x86_64-pc-linux-gnu/6.1.1/crtend.o] ==> ignore
    arg [/usr/lib/gcc/x86_64-pc-linux-gnu/6.1.1/../../../../lib/crtn.o] ==> ignore
  remove lib [gcc]
  remove lib [gcc_s]
  remove lib [gcc]
  remove lib [gcc_s]
  collapse library dir [/usr/lib/gcc/x86_64-pc-linux-gnu/6.1.1] ==> [/usr/lib/gcc/x86_64-pc-linux-gnu/6.1.1]
  collapse library dir [/usr/lib/gcc/x86_64-pc-linux-gnu/6.1.1/../../../../lib] ==> [/usr/lib]
  collapse library dir [/lib/../lib] ==> [/lib]
  collapse library dir [/usr/lib/../lib] ==> [/usr/lib]
  collapse library dir [/usr/lib/gcc/x86_64-pc-linux-gnu/6.1.1/../../..] ==> [/usr/lib]
  implicit libs: [c]
  implicit dirs: [/usr/lib/gcc/x86_64-pc-linux-gnu/6.1.1;/usr/lib;/lib]
  implicit fwks: []




Detecting C [-std=c11] compiler features compiled with the following output:
Change Dir: /home/qtkr64/work/tmp/ogre3d/ogre_lessons/CMakeFiles/CMakeTmp

Run Build Command:"/usr/bin/make" "cmTC_11bb1/fast"
/usr/bin/make -f CMakeFiles/cmTC_11bb1.dir/build.make CMakeFiles/cmTC_11bb1.dir/build
make[1]: вход в каталог «/home/qtkr64/work/tmp/ogre3d/ogre_lessons/CMakeFiles/CMakeTmp»
Building C object CMakeFiles/cmTC_11bb1.dir/feature_tests.c.o
/usr/bin/cc    -std=c11 -o CMakeFiles/cmTC_11bb1.dir/feature_tests.c.o   -c /home/qtkr64/work/tmp/ogre3d/ogre_lessons/CMakeFiles/feature_tests.c
Linking C executable cmTC_11bb1
/usr/bin/cmake -E cmake_link_script CMakeFiles/cmTC_11bb1.dir/link.txt --verbose=1
/usr/bin/cc       CMakeFiles/cmTC_11bb1.dir/feature_tests.c.o  -o cmTC_11bb1 -rdynamic 
make[1]: выход из каталога «/home/qtkr64/work/tmp/ogre3d/ogre_lessons/CMakeFiles/CMakeTmp»


    Feature record: C_FEATURE:1c_function_prototypes
    Feature record: C_FEATURE:1c_restrict
    Feature record: C_FEATURE:1c_static_assert
    Feature record: C_FEATURE:1c_variadic_macros


Detecting C [-std=c99] compiler features compiled with the following output:
Change Dir: /home/qtkr64/work/tmp/ogre3d/ogre_lessons/CMakeFiles/CMakeTmp

Run Build Command:"/usr/bin/make" "cmTC_bd5f7/fast"
/usr/bin/make -f CMakeFiles/cmTC_bd5f7.dir/build.make CMakeFiles/cmTC_bd5f7.dir/build
make[1]: вход в каталог «/home/qtkr64/work/tmp/ogre3d/ogre_lessons/CMakeFiles/CMakeTmp»
Building C object CMakeFiles/cmTC_bd5f7.dir/feature_tests.c.o
/usr/bin/cc    -std=c99 -o CMakeFiles/cmTC_bd5f7.dir/feature_tests.c.o   -c /home/qtkr64/work/tmp/ogre3d/ogre_lessons/CMakeFiles/feature_tests.c
Linking C executable cmTC_bd5f7
/usr/bin/cmake -E cmake_link_script CMakeFiles/cmTC_bd5f7.dir/link.txt --verbose=1
/usr/bin/cc       CMakeFiles/cmTC_bd5f7.dir/feature_tests.c.o  -o cmTC_bd5f7 -rdynamic 
make[1]: выход из каталога «/home/qtkr64/work/tmp/ogre3d/ogre_lessons/CMakeFiles/CMakeTmp»


    Feature record: C_FEATURE:1c_function_prototypes
    Feature record: C_FEATURE:1c_restrict
    Feature record: C_FEATURE:0c_static_assert
    Feature record: C_FEATURE:1c_variadic_macros


Detecting C [-std=c90] compiler features compiled with the following output:
Change Dir: /home/qtkr64/work/tmp/ogre3d/ogre_lessons/CMakeFiles/CMakeTmp

Run Build Command:"/usr/bin/make" "cmTC_86deb/fast"
/usr/bin/make -f CMakeFiles/cmTC_86deb.dir/build.make CMakeFiles/cmTC_86deb.dir/build
make[1]: вход в каталог «/home/qtkr64/work/tmp/ogre3d/ogre_lessons/CMakeFiles/CMakeTmp»
Building C object CMakeFiles/cmTC_86deb.dir/feature_tests.c.o
/usr/bin/cc    -std=c90 -o CMakeFiles/cmTC_86deb.dir/feature_tests.c.o   -c /home/qtkr64/work/tmp/ogre3d/ogre_lessons/CMakeFiles/feature_tests.c
Linking C executable cmTC_86deb
/usr/bin/cmake -E cmake_link_script CMakeFiles/cmTC_86deb.dir/link.txt --verbose=1
/usr/bin/cc       CMakeFiles/cmTC_86deb.dir/feature_tests.c.o  -o cmTC_86deb -rdynamic 
make[1]: выход из каталога «/home/qtkr64/work/tmp/ogre3d/ogre_lessons/CMakeFiles/CMakeTmp»


    Feature record: C_FEATURE:1c_function_prototypes
    Feature record: C_FEATURE:0c_restrict
    Feature record: C_FEATURE:0c_static_assert
    Feature record: C_FEATURE:0c_variadic_macros
Determining if the CXX compiler works passed with the following output:
Change Dir: /home/qtkr64/work/tmp/ogre3d/ogre_lessons/CMakeFiles/CMakeTmp

Run Build Command:"/usr/bin/make" "cmTC_ee902/fast"
/usr/bin/make -f CMakeFiles/cmTC_ee902.dir/build.make CMakeFiles/cmTC_ee902.dir/build
make[1]: вход в каталог «/home/qtkr64/work/tmp/ogre3d/ogre_lessons/CMakeFiles/CMakeTmp»
Building CXX object CMakeFiles/cmTC_ee902.dir/testCXXCompiler.cxx.o
/usr/bin/c++      -o CMakeFiles/cmTC_ee902.dir/testCXXCompiler.cxx.o -c /home/qtkr64/work/tmp/ogre3d/ogre_lessons/CMakeFiles/CMakeTmp/testCXXCompiler.cxx
Linking CXX executable cmTC_ee902
/usr/bin/cmake -E cmake_link_script CMakeFiles/cmTC_ee902.dir/link.txt --verbose=1
/usr/bin/c++        CMakeFiles/cmTC_ee902.dir/testCXXCompiler.cxx.o  -o cmTC_ee902 -rdynamic 
make[1]: выход из каталога «/home/qtkr64/work/tmp/ogre3d/ogre_lessons/CMakeFiles/CMakeTmp»


Detecting CXX compiler ABI info compiled with the following output:
Change Dir: /home/qtkr64/work/tmp/ogre3d/ogre_lessons/CMakeFiles/CMakeTmp

Run Build Command:"/usr/bin/make" "cmTC_fca53/fast"
/usr/bin/make -f CMakeFiles/cmTC_fca53.dir/build.make CMakeFiles/cmTC_fca53.dir/build
make[1]: вход в каталог «/home/qtkr64/work/tmp/ogre3d/ogre_lessons/CMakeFiles/CMakeTmp»
Building CXX object CMakeFiles/cmTC_fca53.dir/CMakeCXXCompilerABI.cpp.o
/usr/bin/c++      -o CMakeFiles/cmTC_fca53.dir/CMakeCXXCompilerABI.cpp.o -c /usr/share/cmake-3.6/Modules/CMakeCXXCompilerABI.cpp
Linking CXX executable cmTC_fca53
/usr/bin/cmake -E cmake_link_script CMakeFiles/cmTC_fca53.dir/link.txt --verbose=1
/usr/bin/c++       -v CMakeFiles/cmTC_fca53.dir/CMakeCXXCompilerABI.cpp.o  -o cmTC_fca53 -rdynamic  
Используются внутренние спецификации.
COLLECT_GCC=/usr/bin/c++
COLLECT_LTO_WRAPPER=/usr/lib/gcc/x86_64-pc-linux-gnu/6.1.1/lto-wrapper
Целевая архитектура: x86_64-pc-linux-gnu
Параметры конфигурации: /build/gcc-multilib/src/gcc/configure --prefix=/usr --libdir=/usr/lib --libexecdir=/usr/lib --mandir=/usr/share/man --infodir=/usr/share/info --with-bugurl=https://bugs.archlinux.org/ --enable-languages=c,c++,ada,fortran,go,lto,objc,obj-c++ --enable-shared --enable-threads=posix --enable-libmpx --with-system-zlib --with-isl --enable-__cxa_atexit --disable-libunwind-exceptions --enable-clocale=gnu --disable-libstdcxx-pch --disable-libssp --enable-gnu-unique-object --enable-linker-build-id --enable-lto --enable-plugin --enable-install-libiberty --with-linker-hash-style=gnu --enable-gnu-indirect-function --enable-multilib --disable-werror --enable-checking=release
Модель многопоточности: posix
gcc версия 6.1.1 20160802 (GCC) 
COMPILER_PATH=/usr/lib/gcc/x86_64-pc-linux-gnu/6.1.1/:/usr/lib/gcc/x86_64-pc-linux-gnu/6.1.1/:/usr/lib/gcc/x86_64-pc-linux-gnu/:/usr/lib/gcc/x86_64-pc-linux-gnu/6.1.1/:/usr/lib/gcc/x86_64-pc-linux-gnu/
LIBRARY_PATH=/usr/lib/gcc/x86_64-pc-linux-gnu/6.1.1/:/usr/lib/gcc/x86_64-pc-linux-gnu/6.1.1/../../../../lib/:/lib/../lib/:/usr/lib/../lib/:/usr/lib/gcc/x86_64-pc-linux-gnu/6.1.1/../../../:/lib/:/usr/lib/
COLLECT_GCC_OPTIONS='-v' '-o' 'cmTC_fca53' '-rdynamic' '-shared-libgcc' '-mtune=generic' '-march=x86-64'
 /usr/lib/gcc/x86_64-pc-linux-gnu/6.1.1/collect2 -plugin /usr/lib/gcc/x86_64-pc-linux-gnu/6.1.1/liblto_plugin.so -plugin-opt=/usr/lib/gcc/x86_64-pc-linux-gnu/6.1.1/lto-wrapper -plugin-opt=-fresolution=/tmp/ccSbKxf8.res -plugin-opt=-pass-through=-lgcc_s -plugin-opt=-pass-through=-lgcc -plugin-opt=-pass-through=-lc -plugin-opt=-pass-through=-lgcc_s -plugin-opt=-pass-through=-lgcc --build-id --eh-frame-hdr --hash-style=gnu -m elf_x86_64 -export-dynamic -dynamic-linker /lib64/ld-linux-x86-64.so.2 -o cmTC_fca53 /usr/lib/gcc/x86_64-pc-linux-gnu/6.1.1/../../../../lib/crt1.o /usr/lib/gcc/x86_64-pc-linux-gnu/6.1.1/../../../../lib/crti.o /usr/lib/gcc/x86_64-pc-linux-gnu/6.1.1/crtbegin.o -L/usr/lib/gcc/x86_64-pc-linux-gnu/6.1.1 -L/usr/lib/gcc/x86_64-pc-linux-gnu/6.1.1/../../../../lib -L/lib/../lib -L/usr/lib/../lib -L/usr/lib/gcc/x86_64-pc-linux-gnu/6.1.1/../../.. CMakeFiles/cmTC_fca53.dir/CMakeCXXCompilerABI.cpp.o -lstdc++ -lm -lgcc_s -lgcc -lc -lgcc_s -lgcc /usr/lib/gcc/x86_64-pc-linux-gnu/6.1.1/crtend.o /usr/lib/gcc/x86_64-pc-linux-gnu/6.1.1/../../../../lib/crtn.o
COLLECT_GCC_OPTIONS='-v' '-o' 'cmTC_fca53' '-rdynamic' '-shared-libgcc' '-mtune=generic' '-march=x86-64'
make[1]: выход из каталога «/home/qtkr64/work/tmp/ogre3d/ogre_lessons/CMakeFiles/CMakeTmp»


Parsed CXX implicit link information from above output:
  link line regex: [^( *|.*[/\])(ld|([^/\]+-)?ld|collect2)[^/\]*( |$)]
  ignore line: [Change Dir: /home/qtkr64/work/tmp/ogre3d/ogre_lessons/CMakeFiles/CMakeTmp]
  ignore line: []
  ignore line: [Run Build Command:"/usr/bin/make" "cmTC_fca53/fast"]
  ignore line: [/usr/bin/make -f CMakeFiles/cmTC_fca53.dir/build.make CMakeFiles/cmTC_fca53.dir/build]
  ignore line: [make[1]: вход в каталог «/home/qtkr64/work/tmp/ogre3d/ogre_lessons/CMakeFiles/CMakeTmp»]
  ignore line: [Building CXX object CMakeFiles/cmTC_fca53.dir/CMakeCXXCompilerABI.cpp.o]
  ignore line: [/usr/bin/c++      -o CMakeFiles/cmTC_fca53.dir/CMakeCXXCompilerABI.cpp.o -c /usr/share/cmake-3.6/Modules/CMakeCXXCompilerABI.cpp]
  ignore line: [Linking CXX executable cmTC_fca53]
  ignore line: [/usr/bin/cmake -E cmake_link_script CMakeFiles/cmTC_fca53.dir/link.txt --verbose=1]
  ignore line: [/usr/bin/c++       -v CMakeFiles/cmTC_fca53.dir/CMakeCXXCompilerABI.cpp.o  -o cmTC_fca53 -rdynamic  ]
  ignore line: [Используются внутренние спецификации.]
  ignore line: [COLLECT_GCC=/usr/bin/c++]
  ignore line: [COLLECT_LTO_WRAPPER=/usr/lib/gcc/x86_64-pc-linux-gnu/6.1.1/lto-wrapper]
  ignore line: [Целевая архитектура: x86_64-pc-linux-gnu]
  ignore line: [Параметры конфигурации: /build/gcc-multilib/src/gcc/configure --prefix=/usr --libdir=/usr/lib --libexecdir=/usr/lib --mandir=/usr/share/man --infodir=/usr/share/info --with-bugurl=https://bugs.archlinux.org/ --enable-languages=c,c++,ada,fortran,go,lto,objc,obj-c++ --enable-shared --enable-threads=posix --enable-libmpx --with-system-zlib --with-isl --enable-__cxa_atexit --disable-libunwind-exceptions --enable-clocale=gnu --disable-libstdcxx-pch --disable-libssp --enable-gnu-unique-object --enable-linker-build-id --enable-lto --enable-plugin --enable-install-libiberty --with-linker-hash-style=gnu --enable-gnu-indirect-function --enable-multilib --disable-werror --enable-checking=release]
  ignore line: [Модель многопоточности: posix]
  ignore line: [gcc версия 6.1.1 20160802 (GCC) ]
  ignore line: [COMPILER_PATH=/usr/lib/gcc/x86_64-pc-linux-gnu/6.1.1/:/usr/lib/gcc/x86_64-pc-linux-gnu/6.1.1/:/usr/lib/gcc/x86_64-pc-linux-gnu/:/usr/lib/gcc/x86_64-pc-linux-gnu/6.1.1/:/usr/lib/gcc/x86_64-pc-linux-gnu/]
  ignore line: [LIBRARY_PATH=/usr/lib/gcc/x86_64-pc-linux-gnu/6.1.1/:/usr/lib/gcc/x86_64-pc-linux-gnu/6.1.1/../../../../lib/:/lib/../lib/:/usr/lib/../lib/:/usr/lib/gcc/x86_64-pc-linux-gnu/6.1.1/../../../:/lib/:/usr/lib/]
  ignore line: [COLLECT_GCC_OPTIONS='-v' '-o' 'cmTC_fca53' '-rdynamic' '-shared-libgcc' '-mtune=generic' '-march=x86-64']
  link line: [ /usr/lib/gcc/x86_64-pc-linux-gnu/6.1.1/collect2 -plugin /usr/lib/gcc/x86_64-pc-linux-gnu/6.1.1/liblto_plugin.so -plugin-opt=/usr/lib/gcc/x86_64-pc-linux-gnu/6.1.1/lto-wrapper -plugin-opt=-fresolution=/tmp/ccSbKxf8.res -plugin-opt=-pass-through=-lgcc_s -plugin-opt=-pass-through=-lgcc -plugin-opt=-pass-through=-lc -plugin-opt=-pass-through=-lgcc_s -plugin-opt=-pass-through=-lgcc --build-id --eh-frame-hdr --hash-style=gnu -m elf_x86_64 -export-dynamic -dynamic-linker /lib64/ld-linux-x86-64.so.2 -o cmTC_fca53 /usr/lib/gcc/x86_64-pc-linux-gnu/6.1.1/../../../../lib/crt1.o /usr/lib/gcc/x86_64-pc-linux-gnu/6.1.1/../../../../lib/crti.o /usr/lib/gcc/x86_64-pc-linux-gnu/6.1.1/crtbegin.o -L/usr/lib/gcc/x86_64-pc-linux-gnu/6.1.1 -L/usr/lib/gcc/x86_64-pc-linux-gnu/6.1.1/../../../../lib -L/lib/../lib -L/usr/lib/../lib -L/usr/lib/gcc/x86_64-pc-linux-gnu/6.1.1/../../.. CMakeFiles/cmTC_fca53.dir/CMakeCXXCompilerABI.cpp.o -lstdc++ -lm -lgcc_s -lgcc -lc -lgcc_s -lgcc /usr/lib/gcc/x86_64-pc-linux-gnu/6.1.1/crtend.o /usr/lib/gcc/x86_64-pc-linux-gnu/6.1.1/../../../../lib/crtn.o]
    arg [/usr/lib/gcc/x86_64-pc-linux-gnu/6.1.1/collect2] ==> ignore
    arg [-plugin] ==> ignore
    arg [/usr/lib/gcc/x86_64-pc-linux-gnu/6.1.1/liblto_plugin.so] ==> ignore
    arg [-plugin-opt=/usr/lib/gcc/x86_64-pc-linux-gnu/6.1.1/lto-wrapper] ==> ignore
    arg [-plugin-opt=-fresolution=/tmp/ccSbKxf8.res] ==> ignore
    arg [-plugin-opt=-pass-through=-lgcc_s] ==> ignore
    arg [-plugin-opt=-pass-through=-lgcc] ==> ignore
    arg [-plugin-opt=-pass-through=-lc] ==> ignore
    arg [-plugin-opt=-pass-through=-lgcc_s] ==> ignore
    arg [-plugin-opt=-pass-through=-lgcc] ==> ignore
    arg [--build-id] ==> ignore
    arg [--eh-frame-hdr] ==> ignore
    arg [--hash-style=gnu] ==> ignore
    arg [-m] ==> ignore
    arg [elf_x86_64] ==> ignore
    arg [-export-dynamic] ==> ignore
    arg [-dynamic-linker] ==> ignore
    arg [/lib64/ld-linux-x86-64.so.2] ==> ignore
    arg [-o] ==> ignore
    arg [cmTC_fca53] ==> ignore
    arg [/usr/lib/gcc/x86_64-pc-linux-gnu/6.1.1/../../../../lib/crt1.o] ==> ignore
    arg [/usr/lib/gcc/x86_64-pc-linux-gnu/6.1.1/../../../../lib/crti.o] ==> ignore
    arg [/usr/lib/gcc/x86_64-pc-linux-gnu/6.1.1/crtbegin.o] ==> ignore
    arg [-L/usr/lib/gcc/x86_64-pc-linux-gnu/6.1.1] ==> dir [/usr/lib/gcc/x86_64-pc-linux-gnu/6.1.1]
    arg [-L/usr/lib/gcc/x86_64-pc-linux-gnu/6.1.1/../../../../lib] ==> dir [/usr/lib/gcc/x86_64-pc-linux-gnu/6.1.1/../../../../lib]
    arg [-L/lib/../lib] ==> dir [/lib/../lib]
    arg [-L/usr/lib/../lib] ==> dir [/usr/lib/../lib]
    arg [-L/usr/lib/gcc/x86_64-pc-linux-gnu/6.1.1/../../..] ==> dir [/usr/lib/gcc/x86_64-pc-linux-gnu/6.1.1/../../..]
    arg [CMakeFiles/cmTC_fca53.dir/CMakeCXXCompilerABI.cpp.o] ==> ignore
    arg [-lstdc++] ==> lib [stdc++]
    arg [-lm] ==> lib [m]
    arg [-lgcc_s] ==> lib [gcc_s]
    arg [-lgcc] ==> lib [gcc]
    arg [-lc] ==> lib [c]
    arg [-lgcc_s] ==> lib [gcc_s]
    arg [-lgcc] ==> lib [gcc]
    arg [/usr/lib/gcc/x86_64-pc-linux-gnu/6.1.1/crtend.o] ==> ignore
    arg [/usr/lib/gcc/x86_64-pc-linux-gnu/6.1.1/../../../../lib/crtn.o] ==> ignore
  remove lib [gcc_s]
  remove lib [gcc]
  remove lib [gcc_s]
  remove lib [gcc]
  collapse library dir [/usr/lib/gcc/x86_64-pc-linux-gnu/6.1.1] ==> [/usr/lib/gcc/x86_64-pc-linux-gnu/6.1.1]
  collapse library dir [/usr/lib/gcc/x86_64-pc-linux-gnu/6.1.1/../../../../lib] ==> [/usr/lib]
  collapse library dir [/lib/../lib] ==> [/lib]
  collapse library dir [/usr/lib/../lib] ==> [/usr/lib]
  collapse library dir [/usr/lib/gcc/x86_64-pc-linux-gnu/6.1.1/../../..] ==> [/usr/lib]
  implicit libs: [stdc++;m;c]
  implicit dirs: [/usr/lib/gcc/x86_64-pc-linux-gnu/6.1.1;/usr/lib;/lib]
  implicit fwks: []




Detecting CXX [-std=c++14] compiler features compiled with the following output:
Change Dir: /home/qtkr64/work/tmp/ogre3d/ogre_lessons/CMakeFiles/CMakeTmp

Run Build Command:"/usr/bin/make" "cmTC_b38e4/fast"
/usr/bin/make -f CMakeFiles/cmTC_b38e4.dir/build.make CMakeFiles/cmTC_b38e4.dir/build
make[1]: вход в каталог «/home/qtkr64/work/tmp/ogre3d/ogre_lessons/CMakeFiles/CMakeTmp»
Building CXX object CMakeFiles/cmTC_b38e4.dir/feature_tests.cxx.o
/usr/bin/c++     -std=c++14 -o CMakeFiles/cmTC_b38e4.dir/feature_tests.cxx.o -c /home/qtkr64/work/tmp/ogre3d/ogre_lessons/CMakeFiles/feature_tests.cxx
Linking CXX executable cmTC_b38e4
/usr/bin/cmake -E cmake_link_script CMakeFiles/cmTC_b38e4.dir/link.txt --verbose=1
/usr/bin/c++        CMakeFiles/cmTC_b38e4.dir/feature_tests.cxx.o  -o cmTC_b38e4 -rdynamic 
make[1]: выход из каталога «/home/qtkr64/work/tmp/ogre3d/ogre_lessons/CMakeFiles/CMakeTmp»


    Feature record: CXX_FEATURE:1cxx_aggregate_default_initializers
    Feature record: CXX_FEATURE:1cxx_alias_templates
    Feature record: CXX_FEATURE:1cxx_alignas
    Feature record: CXX_FEATURE:1cxx_alignof
    Feature record: CXX_FEATURE:1cxx_attributes
    Feature record: CXX_FEATURE:1cxx_attribute_deprecated
    Feature record: CXX_FEATURE:1cxx_auto_type
    Feature record: CXX_FEATURE:1cxx_binary_literals
    Feature record: CXX_FEATURE:1cxx_constexpr
    Feature record: CXX_FEATURE:1cxx_contextual_conversions
    Feature record: CXX_FEATURE:1cxx_decltype
    Feature record: CXX_FEATURE:1cxx_decltype_auto
    Feature record: CXX_FEATURE:1cxx_decltype_incomplete_return_types
    Feature record: CXX_FEATURE:1cxx_default_function_template_args
    Feature record: CXX_FEATURE:1cxx_defaulted_functions
    Feature record: CXX_FEATURE:1cxx_defaulted_move_initializers
    Feature record: CXX_FEATURE:1cxx_delegating_constructors
    Feature record: CXX_FEATURE:1cxx_deleted_functions
    Feature record: CXX_FEATURE:1cxx_digit_separators
    Feature record: CXX_FEATURE:1cxx_enum_forward_declarations
    Feature record: CXX_FEATURE:1cxx_explicit_conversions
    Feature record: CXX_FEATURE:1cxx_extended_friend_declarations
    Feature record: CXX_FEATURE:1cxx_extern_templates
    Feature record: CXX_FEATURE:1cxx_final
    Feature record: CXX_FEATURE:1cxx_func_identifier
    Feature record: CXX_FEATURE:1cxx_generalized_initializers
    Feature record: CXX_FEATURE:1cxx_generic_lambdas
    Feature record: CXX_FEATURE:1cxx_inheriting_constructors
    Feature record: CXX_FEATURE:1cxx_inline_namespaces
    Feature record: CXX_FEATURE:1cxx_lambdas
    Feature record: CXX_FEATURE:1cxx_lambda_init_captures
    Feature record: CXX_FEATURE:1cxx_local_type_template_args
    Feature record: CXX_FEATURE:1cxx_long_long_type
    Feature record: CXX_FEATURE:1cxx_noexcept
    Feature record: CXX_FEATURE:1cxx_nonstatic_member_init
    Feature record: CXX_FEATURE:1cxx_nullptr
    Feature record: CXX_FEATURE:1cxx_override
    Feature record: CXX_FEATURE:1cxx_range_for
    Feature record: CXX_FEATURE:1cxx_raw_string_literals
    Feature record: CXX_FEATURE:1cxx_reference_qualified_functions
    Feature record: CXX_FEATURE:1cxx_relaxed_constexpr
    Feature record: CXX_FEATURE:1cxx_return_type_deduction
    Feature record: CXX_FEATURE:1cxx_right_angle_brackets
    Feature record: CXX_FEATURE:1cxx_rvalue_references
    Feature record: CXX_FEATURE:1cxx_sizeof_member
    Feature record: CXX_FEATURE:1cxx_static_assert
    Feature record: CXX_FEATURE:1cxx_strong_enums
    Feature record: CXX_FEATURE:1cxx_template_template_parameters
    Feature record: CXX_FEATURE:1cxx_thread_local
    Feature record: CXX_FEATURE:1cxx_trailing_return_types
    Feature record: CXX_FEATURE:1cxx_unicode_literals
    Feature record: CXX_FEATURE:1cxx_uniform_initialization
    Feature record: CXX_FEATURE:1cxx_unrestricted_unions
    Feature record: CXX_FEATURE:1cxx_user_literals
    Feature record: CXX_FEATURE:1cxx_variable_templates
    Feature record: CXX_FEATURE:1cxx_variadic_macros
    Feature record: CXX_FEATURE:1cxx_variadic_templates


Detecting CXX [-std=c++11] compiler features compiled with the following output:
Change Dir: /home/qtkr64/work/tmp/ogre3d/ogre_lessons/CMakeFiles/CMakeTmp

Run Build Command:"/usr/bin/make" "cmTC_52f28/fast"
/usr/bin/make -f CMakeFiles/cmTC_52f28.dir/build.make CMakeFiles/cmTC_52f28.dir/build
make[1]: вход в каталог «/home/qtkr64/work/tmp/ogre3d/ogre_lessons/CMakeFiles/CMakeTmp»
Building CXX object CMakeFiles/cmTC_52f28.dir/feature_tests.cxx.o
/usr/bin/c++     -std=c++11 -o CMakeFiles/cmTC_52f28.dir/feature_tests.cxx.o -c /home/qtkr64/work/tmp/ogre3d/ogre_lessons/CMakeFiles/feature_tests.cxx
Linking CXX executable cmTC_52f28
/usr/bin/cmake -E cmake_link_script CMakeFiles/cmTC_52f28.dir/link.txt --verbose=1
/usr/bin/c++        CMakeFiles/cmTC_52f28.dir/feature_tests.cxx.o  -o cmTC_52f28 -rdynamic 
make[1]: выход из каталога «/home/qtkr64/work/tmp/ogre3d/ogre_lessons/CMakeFiles/CMakeTmp»


    Feature record: CXX_FEATURE:0cxx_aggregate_default_initializers
    Feature record: CXX_FEATURE:1cxx_alias_templates
    Feature record: CXX_FEATURE:1cxx_alignas
    Feature record: CXX_FEATURE:1cxx_alignof
    Feature record: CXX_FEATURE:1cxx_attributes
    Feature record: CXX_FEATURE:0cxx_attribute_deprecated
    Feature record: CXX_FEATURE:1cxx_auto_type
    Feature record: CXX_FEATURE:0cxx_binary_literals
    Feature record: CXX_FEATURE:1cxx_constexpr
    Feature record: CXX_FEATURE:0cxx_contextual_conversions
    Feature record: CXX_FEATURE:1cxx_decltype
    Feature record: CXX_FEATURE:0cxx_decltype_auto
    Feature record: CXX_FEATURE:1cxx_decltype_incomplete_return_types
    Feature record: CXX_FEATURE:1cxx_default_function_template_args
    Feature record: CXX_FEATURE:1cxx_defaulted_functions
    Feature record: CXX_FEATURE:1cxx_defaulted_move_initializers
    Feature record: CXX_FEATURE:1cxx_delegating_constructors
    Feature record: CXX_FEATURE:1cxx_deleted_functions
    Feature record: CXX_FEATURE:0cxx_digit_separators
    Feature record: CXX_FEATURE:1cxx_enum_forward_declarations
    Feature record: CXX_FEATURE:1cxx_explicit_conversions
    Feature record: CXX_FEATURE:1cxx_extended_friend_declarations
    Feature record: CXX_FEATURE:1cxx_extern_templates
    Feature record: CXX_FEATURE:1cxx_final
    Feature record: CXX_FEATURE:1cxx_func_identifier
    Feature record: CXX_FEATURE:1cxx_generalized_initializers
    Feature record: CXX_FEATURE:0cxx_generic_lambdas
    Feature record: CXX_FEATURE:1cxx_inheriting_constructors
    Feature record: CXX_FEATURE:1cxx_inline_namespaces
    Feature record: CXX_FEATURE:1cxx_lambdas
    Feature record: CXX_FEATURE:0cxx_lambda_init_captures
    Feature record: CXX_FEATURE:1cxx_local_type_template_args
    Feature record: CXX_FEATURE:1cxx_long_long_type
    Feature record: CXX_FEATURE:1cxx_noexcept
    Feature record: CXX_FEATURE:1cxx_nonstatic_member_init
    Feature record: CXX_FEATURE:1cxx_nullptr
    Feature record: CXX_FEATURE:1cxx_override
    Feature record: CXX_FEATURE:1cxx_range_for
    Feature record: CXX_FEATURE:1cxx_raw_string_literals
    Feature record: CXX_FEATURE:1cxx_reference_qualified_functions
    Feature record: CXX_FEATURE:0cxx_relaxed_constexpr
    Feature record: CXX_FEATURE:0cxx_return_type_deduction
    Feature record: CXX_FEATURE:1cxx_right_angle_brackets
    Feature record: CXX_FEATURE:1cxx_rvalue_references
    Feature record: CXX_FEATURE:1cxx_sizeof_member
    Feature record: CXX_FEATURE:1cxx_static_assert
    Feature record: CXX_FEATURE:1cxx_strong_enums
    Feature record: CXX_FEATURE:1cxx_template_template_parameters
    Feature record: CXX_FEATURE:1cxx_thread_local
    Feature record: CXX_FEATURE:1cxx_trailing_return_types
    Feature record: CXX_FEATURE:1cxx_unicode_literals
    Feature record: CXX_FEATURE:1cxx_uniform_initialization
    Feature record: CXX_FEATURE:1cxx_unrestricted_unions
    Feature record: CXX_FEATURE:1cxx_user_literals
    Feature record: CXX_FEATURE:0cxx_variable_templates
    Feature record: CXX_FEATURE:1cxx_variadic_macros
    Feature record: CXX_FEATURE:1cxx_variadic_templates


Detecting CXX [-std=c++98] compiler features compiled with the following output:
Change Dir: /home/qtkr64/work/tmp/ogre3d/ogre_lessons/CMakeFiles/CMakeTmp

Run Build Command:"/usr/bin/make" "cmTC_ad9dc/fast"
/usr/bin/make -f CMakeFiles/cmTC_ad9dc.dir/build.make CMakeFiles/cmTC_ad9dc.dir/build
make[1]: вход в каталог «/home/qtkr64/work/tmp/ogre3d/ogre_lessons/CMakeFiles/CMakeTmp»
Building CXX object CMakeFiles/cmTC_ad9dc.dir/feature_tests.cxx.o
/usr/bin/c++     -std=c++98 -o CMakeFiles/cmTC_ad9dc.dir/feature_tests.cxx.o -c /home/qtkr64/work/tmp/ogre3d/ogre_lessons/CMakeFiles/feature_tests.cxx
Linking CXX executable cmTC_ad9dc
/usr/bin/cmake -E cmake_link_script CMakeFiles/cmTC_ad9dc.dir/link.txt --verbose=1
/usr/bin/c++        CMakeFiles/cmTC_ad9dc.dir/feature_tests.cxx.o  -o cmTC_ad9dc -rdynamic 
make[1]: выход из каталога «/home/qtkr64/work/tmp/ogre3d/ogre_lessons/CMakeFiles/CMakeTmp»


    Feature record: CXX_FEATURE:0cxx_aggregate_default_initializers
    Feature record: CXX_FEATURE:0cxx_alias_templates
    Feature record: CXX_FEATURE:0cxx_alignas
    Feature record: CXX_FEATURE:0cxx_alignof
    Feature record: CXX_FEATURE:0cxx_attributes
    Feature record: CXX_FEATURE:0cxx_attribute_deprecated
    Feature record: CXX_FEATURE:0cxx_auto_type
    Feature record: CXX_FEATURE:0cxx_binary_literals
    Feature record: CXX_FEATURE:0cxx_constexpr
    Feature record: CXX_FEATURE:0cxx_contextual_conversions
    Feature record: CXX_FEATURE:0cxx_decltype
    Feature record: CXX_FEATURE:0cxx_decltype_auto
    Feature record: CXX_FEATURE:0cxx_decltype_incomplete_return_types
    Feature record: CXX_FEATURE:0cxx_default_function_template_args
    Feature record: CXX_FEATURE:0cxx_defaulted_functions
    Feature record: CXX_FEATURE:0cxx_defaulted_move_initializers
    Feature record: CXX_FEATURE:0cxx_delegating_constructors
    Feature record: CXX_FEATURE:0cxx_deleted_functions
    Feature record: CXX_FEATURE:0cxx_digit_separators
    Feature record: CXX_FEATURE:0cxx_enum_forward_declarations
    Feature record: CXX_FEATURE:0cxx_explicit_conversions
    Feature record: CXX_FEATURE:0cxx_extended_friend_declarations
    Feature record: CXX_FEATURE:0cxx_extern_templates
    Feature record: CXX_FEATURE:0cxx_final
    Feature record: CXX_FEATURE:0cxx_func_identifier
    Feature record: CXX_FEATURE:0cxx_generalized_initializers
    Feature record: CXX_FEATURE:0cxx_generic_lambdas
    Feature record: CXX_FEATURE:0cxx_inheriting_constructors
    Feature record: CXX_FEATURE:0cxx_inline_namespaces
    Feature record: CXX_FEATURE:0cxx_lambdas
    Feature record: CXX_FEATURE:0cxx_lambda_init_captures
    Feature record: CXX_FEATURE:0cxx_local_type_template_args
    Feature record: CXX_FEATURE:0cxx_long_long_type
    Feature record: CXX_FEATURE:0cxx_noexcept
    Feature record: CXX_FEATURE:0cxx_nonstatic_member_init
    Feature record: CXX_FEATURE:0cxx_nullptr
    Feature record: CXX_FEATURE:0cxx_override
    Feature record: CXX_FEATURE:0cxx_range_for
    Feature record: CXX_FEATURE:0cxx_raw_string_literals
    Feature record: CXX_FEATURE:0cxx_reference_qualified_functions
    Feature record: CXX_FEATURE:0cxx_relaxed_constexpr
    Feature record: CXX_FEATURE:0cxx_return_type_deduction
    Feature record: CXX_FEATURE:0cxx_right_angle_brackets
    Feature record: CXX_FEATURE:0cxx_rvalue_references
    Feature record: CXX_FEATURE:0cxx_sizeof_member
    Feature record: CXX_FEATURE:0cxx_static_assert
    Feature record: CXX_FEATURE:0cxx_strong_enums
    Feature record: CXX_FEATURE:1cxx_template_template_parameters
    Feature record: CXX_FEATURE:0cxx_thread_local
    Feature record: CXX_FEATURE:0cxx_trailing_return_types
    Feature record: CXX_FEATURE:0cxx_unicode_literals
    Feature record: CXX_FEATURE:0cxx_uniform_initialization
    Feature record: CXX_FEATURE:0cxx_unrestricted_unions
    Feature record: CXX_FEATURE:0cxx_user_literals
    Feature record: CXX_FEATURE:0cxx_variable_templates
    Feature record: CXX_FEATURE:0cxx_variadic_macros
    Feature record: CXX_FEATURE:0cxx_variadic_templates
Determining if the include file pthread.h exists passed with the following output:
Change Dir: /home/qtkr64/work/tmp/ogre3d/ogre_lessons/CMakeFiles/CMakeTmp

Run Build Command:"/usr/bin/make" "cmTC_ba4a6/fast"
/usr/bin/make -f CMakeFiles/cmTC_ba4a6.dir/build.make CMakeFiles/cmTC_ba4a6.dir/build
make[1]: вход в каталог «/home/qtkr64/work/tmp/ogre3d/ogre_lessons/CMakeFiles/CMakeTmp»
Building C object CMakeFiles/cmTC_ba4a6.dir/CheckIncludeFile.c.o
/usr/bin/cc     -o CMakeFiles/cmTC_ba4a6.dir/CheckIncludeFile.c.o   -c /home/qtkr64/work/tmp/ogre3d/ogre_lessons/CMakeFiles/CMakeTmp/CheckIncludeFile.c
Linking C executable cmTC_ba4a6
/usr/bin/cmake -E cmake_link_script CMakeFiles/cmTC_ba4a6.dir/link.txt --verbose=1
/usr/bin/cc       CMakeFiles/cmTC_ba4a6.dir/CheckIncludeFile.c.o  -o cmTC_ba4a6 -rdynamic 
make[1]: выход из каталога «/home/qtkr64/work/tmp/ogre3d/ogre_lessons/CMakeFiles/CMakeTmp»


Determining if the function pthread_create exists in the pthread passed with the following output:
Change Dir: /home/qtkr64/work/tmp/ogre3d/ogre_lessons/CMakeFiles/CMakeTmp

Run Build Command:"/usr/bin/make" "cmTC_4e3d8/fast"
/usr/bin/make -f CMakeFiles/cmTC_4e3d8.dir/build.make CMakeFiles/cmTC_4e3d8.dir/build
make[1]: вход в каталог «/home/qtkr64/work/tmp/ogre3d/ogre_lessons/CMakeFiles/CMakeTmp»
Building C object CMakeFiles/cmTC_4e3d8.dir/CheckFunctionExists.c.o
/usr/bin/cc    -DCHECK_FUNCTION_EXISTS=pthread_create   -o CMakeFiles/cmTC_4e3d8.dir/CheckFunctionExists.c.o   -c /usr/share/cmake-3.6/Modules/CheckFunctionExists.c
Linking C executable cmTC_4e3d8
/usr/bin/cmake -E cmake_link_script CMakeFiles/cmTC_4e3d8.dir/link.txt --verbose=1
/usr/bin/cc   -DCHECK_FUNCTION_EXISTS=pthread_create    CMakeFiles/cmTC_4e3d8.dir/CheckFunctionExists.c.o  -o cmTC_4e3d8 -rdynamic -lpthread 
make[1]: выход из каталога «/home/qtkr64/work/tmp/ogre3d/ogre_lessons/CMakeFiles/CMakeTmp»


The system is: Linux - 4.4.14 - x86_64
Compiling the C compiler identification source file "CMakeCCompilerId.c" succeeded.
Compiler: /usr/bin/cc 
Build flags: 
Id flags: 

The output was:
0


Compilation of the C compiler identification source "CMakeCCompilerId.c" produced "a.out"

The C compiler identification is GNU, found in "/home/lup/src/ogre_lessons/CMakeFiles/3.5.2/CompilerIdC/a.out"

Compiling the CXX compiler identification source file "CMakeCXXCompilerId.cpp" succeeded.
Compiler: /usr/bin/c++ 
Build flags: 
Id flags: 

The output was:
0


Compilation of the CXX compiler identification source "CMakeCXXCompilerId.cpp" produced "a.out"

The CXX compiler identification is GNU, found in "/home/lup/src/ogre_lessons/CMakeFiles/3.5.2/CompilerIdCXX/a.out"

Determining if the C compiler works passed with the following output:
Change Dir: /home/lup/src/ogre_lessons/CMakeFiles/CMakeTmp

Run Build Command:"/usr/bin/gmake" "cmTC_6b01c/fast"
/usr/bin/gmake -f CMakeFiles/cmTC_6b01c.dir/build.make CMakeFiles/cmTC_6b01c.dir/build
gmake[1]: вход в каталог «/home/lup/src/ogre_lessons/CMakeFiles/CMakeTmp»
Building C object CMakeFiles/cmTC_6b01c.dir/testCCompiler.c.o
/usr/bin/cc     -o CMakeFiles/cmTC_6b01c.dir/testCCompiler.c.o   -c /home/lup/src/ogre_lessons/CMakeFiles/CMakeTmp/testCCompiler.c
Linking C executable cmTC_6b01c
/usr/bin/cmake -E cmake_link_script CMakeFiles/cmTC_6b01c.dir/link.txt --verbose=1
/usr/bin/cc       CMakeFiles/cmTC_6b01c.dir/testCCompiler.c.o  -o cmTC_6b01c -rdynamic 
gmake[1]: выход из каталога «/home/lup/src/ogre_lessons/CMakeFiles/CMakeTmp»


Detecting C compiler ABI info compiled with the following output:
Change Dir: /home/lup/src/ogre_lessons/CMakeFiles/CMakeTmp

Run Build Command:"/usr/bin/gmake" "cmTC_6a3cb/fast"
/usr/bin/gmake -f CMakeFiles/cmTC_6a3cb.dir/build.make CMakeFiles/cmTC_6a3cb.dir/build
gmake[1]: вход в каталог «/home/lup/src/ogre_lessons/CMakeFiles/CMakeTmp»
Building C object CMakeFiles/cmTC_6a3cb.dir/CMakeCCompilerABI.c.o
/usr/bin/cc     -o CMakeFiles/cmTC_6a3cb.dir/CMakeCCompilerABI.c.o   -c /usr/share/cmake-3.5/Modules/CMakeCCompilerABI.c
Linking C executable cmTC_6a3cb
/usr/bin/cmake -E cmake_link_script CMakeFiles/cmTC_6a3cb.dir/link.txt --verbose=1
/usr/bin/cc      -v CMakeFiles/cmTC_6a3cb.dir/CMakeCCompilerABI.c.o  -o cmTC_6a3cb -rdynamic  
Спецификации прочитаны из /usr/lib64/gcc/x86_64-slackware-linux/5.3.0/specs
COLLECT_GCC=/usr/bin/cc
COLLECT_LTO_WRAPPER=/usr/libexec/gcc/x86_64-slackware-linux/5.3.0/lto-wrapper
Целевая архитектура: x86_64-slackware-linux
Параметры конфигурации: ../gcc-5.3.0/configure --prefix=/usr --libdir=/usr/lib64 --mandir=/usr/man --infodir=/usr/info --enable-shared --enable-bootstrap --enable-languages=ada,c,c++,fortran,go,java,lto,objc --enable-threads=posix --enable-checking=release --enable-objc-gc --with-system-zlib --with-python-dir=/lib64/python2.7/site-packages --enable-libstdcxx-dual-abi --with-default-libstdcxx-abi=gcc4-compatible --disable-libunwind-exceptions --enable-__cxa_atexit --enable-libssp --enable-lto --disable-install-libiberty --with-gnu-ld --verbose --enable-java-home --with-java-home=/usr/lib64/jvm/jre --with-jvm-root-dir=/usr/lib64/jvm --with-jvm-jar-dir=/usr/lib64/jvm/jvm-exports --with-arch-directory=amd64 --with-antlr-jar=/root/slackware64-current/source/d/gcc/antlr-runtime-3.4.jar --enable-java-awt=gtk --disable-gtktest --disable-multilib --target=x86_64-slackware-linux --build=x86_64-slackware-linux --host=x86_64-slackware-linux
Модель многопоточности: posix
gcc версия 5.3.0 (GCC) 
COMPILER_PATH=/usr/libexec/gcc/x86_64-slackware-linux/5.3.0/:/usr/libexec/gcc/x86_64-slackware-linux/5.3.0/:/usr/libexec/gcc/x86_64-slackware-linux/:/usr/lib64/gcc/x86_64-slackware-linux/5.3.0/:/usr/lib64/gcc/x86_64-slackware-linux/:/usr/lib64/gcc/x86_64-slackware-linux/5.3.0/../../../../x86_64-slackware-linux/bin/
LIBRARY_PATH=/usr/lib64/gcc/x86_64-slackware-linux/5.3.0/:/usr/lib64/gcc/x86_64-slackware-linux/5.3.0/../../../../lib64/:/lib/../lib64/:/usr/lib/../lib64/:/usr/lib64/gcc/x86_64-slackware-linux/5.3.0/../../../../x86_64-slackware-linux/lib/:/usr/lib64/gcc/x86_64-slackware-linux/5.3.0/../../../:/lib/:/usr/lib/
COLLECT_GCC_OPTIONS='-v' '-o' 'cmTC_6a3cb' '-rdynamic' '-mtune=generic' '-march=x86-64'
 /usr/libexec/gcc/x86_64-slackware-linux/5.3.0/collect2 -plugin /usr/libexec/gcc/x86_64-slackware-linux/5.3.0/liblto_plugin.so -plugin-opt=/usr/libexec/gcc/x86_64-slackware-linux/5.3.0/lto-wrapper -plugin-opt=-fresolution=/tmp/ccunTRIQ.res -plugin-opt=-pass-through=-lgcc -plugin-opt=-pass-through=-lgcc_s -plugin-opt=-pass-through=-lc -plugin-opt=-pass-through=-lgcc -plugin-opt=-pass-through=-lgcc_s --eh-frame-hdr -m elf_x86_64 -export-dynamic -dynamic-linker /lib64/ld-linux-x86-64.so.2 -o cmTC_6a3cb /usr/lib64/gcc/x86_64-slackware-linux/5.3.0/../../../../lib64/crt1.o /usr/lib64/gcc/x86_64-slackware-linux/5.3.0/../../../../lib64/crti.o /usr/lib64/gcc/x86_64-slackware-linux/5.3.0/crtbegin.o -L/usr/lib64/gcc/x86_64-slackware-linux/5.3.0 -L/usr/lib64/gcc/x86_64-slackware-linux/5.3.0/../../../../lib64 -L/lib/../lib64 -L/usr/lib/../lib64 -L/usr/lib64/gcc/x86_64-slackware-linux/5.3.0/../../../../x86_64-slackware-linux/lib -L/usr/lib64/gcc/x86_64-slackware-linux/5.3.0/../../.. CMakeFiles/cmTC_6a3cb.dir/CMakeCCompilerABI.c.o -lgcc --as-needed -lgcc_s --no-as-needed -lc -lgcc --as-needed -lgcc_s --no-as-needed /usr/lib64/gcc/x86_64-slackware-linux/5.3.0/crtend.o /usr/lib64/gcc/x86_64-slackware-linux/5.3.0/../../../../lib64/crtn.o
gmake[1]: выход из каталога «/home/lup/src/ogre_lessons/CMakeFiles/CMakeTmp»


Parsed C implicit link information from above output:
  link line regex: [^( *|.*[/\])(ld|([^/\]+-)?ld|collect2)[^/\]*( |$)]
  ignore line: [Change Dir: /home/lup/src/ogre_lessons/CMakeFiles/CMakeTmp]
  ignore line: []
  ignore line: [Run Build Command:"/usr/bin/gmake" "cmTC_6a3cb/fast"]
  ignore line: [/usr/bin/gmake -f CMakeFiles/cmTC_6a3cb.dir/build.make CMakeFiles/cmTC_6a3cb.dir/build]
  ignore line: [gmake[1]: вход в каталог «/home/lup/src/ogre_lessons/CMakeFiles/CMakeTmp»]
  ignore line: [Building C object CMakeFiles/cmTC_6a3cb.dir/CMakeCCompilerABI.c.o]
  ignore line: [/usr/bin/cc     -o CMakeFiles/cmTC_6a3cb.dir/CMakeCCompilerABI.c.o   -c /usr/share/cmake-3.5/Modules/CMakeCCompilerABI.c]
  ignore line: [Linking C executable cmTC_6a3cb]
  ignore line: [/usr/bin/cmake -E cmake_link_script CMakeFiles/cmTC_6a3cb.dir/link.txt --verbose=1]
  ignore line: [/usr/bin/cc      -v CMakeFiles/cmTC_6a3cb.dir/CMakeCCompilerABI.c.o  -o cmTC_6a3cb -rdynamic  ]
  ignore line: [Спецификации прочитаны из /usr/lib64/gcc/x86_64-slackware-linux/5.3.0/specs]
  ignore line: [COLLECT_GCC=/usr/bin/cc]
  ignore line: [COLLECT_LTO_WRAPPER=/usr/libexec/gcc/x86_64-slackware-linux/5.3.0/lto-wrapper]
  ignore line: [Целевая архитектура: x86_64-slackware-linux]
  ignore line: [Параметры конфигурации: ../gcc-5.3.0/configure --prefix=/usr --libdir=/usr/lib64 --mandir=/usr/man --infodir=/usr/info --enable-shared --enable-bootstrap --enable-languages=ada,c,c++,fortran,go,java,lto,objc --enable-threads=posix --enable-checking=release --enable-objc-gc --with-system-zlib --with-python-dir=/lib64/python2.7/site-packages --enable-libstdcxx-dual-abi --with-default-libstdcxx-abi=gcc4-compatible --disable-libunwind-exceptions --enable-__cxa_atexit --enable-libssp --enable-lto --disable-install-libiberty --with-gnu-ld --verbose --enable-java-home --with-java-home=/usr/lib64/jvm/jre --with-jvm-root-dir=/usr/lib64/jvm --with-jvm-jar-dir=/usr/lib64/jvm/jvm-exports --with-arch-directory=amd64 --with-antlr-jar=/root/slackware64-current/source/d/gcc/antlr-runtime-3.4.jar --enable-java-awt=gtk --disable-gtktest --disable-multilib --target=x86_64-slackware-linux --build=x86_64-slackware-linux --host=x86_64-slackware-linux]
  ignore line: [Модель многопоточности: posix]
  ignore line: [gcc версия 5.3.0 (GCC) ]
  ignore line: [COMPILER_PATH=/usr/libexec/gcc/x86_64-slackware-linux/5.3.0/:/usr/libexec/gcc/x86_64-slackware-linux/5.3.0/:/usr/libexec/gcc/x86_64-slackware-linux/:/usr/lib64/gcc/x86_64-slackware-linux/5.3.0/:/usr/lib64/gcc/x86_64-slackware-linux/:/usr/lib64/gcc/x86_64-slackware-linux/5.3.0/../../../../x86_64-slackware-linux/bin/]
  ignore line: [LIBRARY_PATH=/usr/lib64/gcc/x86_64-slackware-linux/5.3.0/:/usr/lib64/gcc/x86_64-slackware-linux/5.3.0/../../../../lib64/:/lib/../lib64/:/usr/lib/../lib64/:/usr/lib64/gcc/x86_64-slackware-linux/5.3.0/../../../../x86_64-slackware-linux/lib/:/usr/lib64/gcc/x86_64-slackware-linux/5.3.0/../../../:/lib/:/usr/lib/]
  ignore line: [COLLECT_GCC_OPTIONS='-v' '-o' 'cmTC_6a3cb' '-rdynamic' '-mtune=generic' '-march=x86-64']
  link line: [ /usr/libexec/gcc/x86_64-slackware-linux/5.3.0/collect2 -plugin /usr/libexec/gcc/x86_64-slackware-linux/5.3.0/liblto_plugin.so -plugin-opt=/usr/libexec/gcc/x86_64-slackware-linux/5.3.0/lto-wrapper -plugin-opt=-fresolution=/tmp/ccunTRIQ.res -plugin-opt=-pass-through=-lgcc -plugin-opt=-pass-through=-lgcc_s -plugin-opt=-pass-through=-lc -plugin-opt=-pass-through=-lgcc -plugin-opt=-pass-through=-lgcc_s --eh-frame-hdr -m elf_x86_64 -export-dynamic -dynamic-linker /lib64/ld-linux-x86-64.so.2 -o cmTC_6a3cb /usr/lib64/gcc/x86_64-slackware-linux/5.3.0/../../../../lib64/crt1.o /usr/lib64/gcc/x86_64-slackware-linux/5.3.0/../../../../lib64/crti.o /usr/lib64/gcc/x86_64-slackware-linux/5.3.0/crtbegin.o -L/usr/lib64/gcc/x86_64-slackware-linux/5.3.0 -L/usr/lib64/gcc/x86_64-slackware-linux/5.3.0/../../../../lib64 -L/lib/../lib64 -L/usr/lib/../lib64 -L/usr/lib64/gcc/x86_64-slackware-linux/5.3.0/../../../../x86_64-slackware-linux/lib -L/usr/lib64/gcc/x86_64-slackware-linux/5.3.0/../../.. CMakeFiles/cmTC_6a3cb.dir/CMakeCCompilerABI.c.o -lgcc --as-needed -lgcc_s --no-as-needed -lc -lgcc --as-needed -lgcc_s --no-as-needed /usr/lib64/gcc/x86_64-slackware-linux/5.3.0/crtend.o /usr/lib64/gcc/x86_64-slackware-linux/5.3.0/../../../../lib64/crtn.o]
    arg [/usr/libexec/gcc/x86_64-slackware-linux/5.3.0/collect2] ==> ignore
    arg [-plugin] ==> ignore
    arg [/usr/libexec/gcc/x86_64-slackware-linux/5.3.0/liblto_plugin.so] ==> ignore
    arg [-plugin-opt=/usr/libexec/gcc/x86_64-slackware-linux/5.3.0/lto-wrapper] ==> ignore
    arg [-plugin-opt=-fresolution=/tmp/ccunTRIQ.res] ==> ignore
    arg [-plugin-opt=-pass-through=-lgcc] ==> ignore
    arg [-plugin-opt=-pass-through=-lgcc_s] ==> ignore
    arg [-plugin-opt=-pass-through=-lc] ==> ignore
    arg [-plugin-opt=-pass-through=-lgcc] ==> ignore
    arg [-plugin-opt=-pass-through=-lgcc_s] ==> ignore
    arg [--eh-frame-hdr] ==> ignore
    arg [-m] ==> ignore
    arg [elf_x86_64] ==> ignore
    arg [-export-dynamic] ==> ignore
    arg [-dynamic-linker] ==> ignore
    arg [/lib64/ld-linux-x86-64.so.2] ==> ignore
    arg [-o] ==> ignore
    arg [cmTC_6a3cb] ==> ignore
    arg [/usr/lib64/gcc/x86_64-slackware-linux/5.3.0/../../../../lib64/crt1.o] ==> ignore
    arg [/usr/lib64/gcc/x86_64-slackware-linux/5.3.0/../../../../lib64/crti.o] ==> ignore
    arg [/usr/lib64/gcc/x86_64-slackware-linux/5.3.0/crtbegin.o] ==> ignore
    arg [-L/usr/lib64/gcc/x86_64-slackware-linux/5.3.0] ==> dir [/usr/lib64/gcc/x86_64-slackware-linux/5.3.0]
    arg [-L/usr/lib64/gcc/x86_64-slackware-linux/5.3.0/../../../../lib64] ==> dir [/usr/lib64/gcc/x86_64-slackware-linux/5.3.0/../../../../lib64]
    arg [-L/lib/../lib64] ==> dir [/lib/../lib64]
    arg [-L/usr/lib/../lib64] ==> dir [/usr/lib/../lib64]
    arg [-L/usr/lib64/gcc/x86_64-slackware-linux/5.3.0/../../../../x86_64-slackware-linux/lib] ==> dir [/usr/lib64/gcc/x86_64-slackware-linux/5.3.0/../../../../x86_64-slackware-linux/lib]
    arg [-L/usr/lib64/gcc/x86_64-slackware-linux/5.3.0/../../..] ==> dir [/usr/lib64/gcc/x86_64-slackware-linux/5.3.0/../../..]
    arg [CMakeFiles/cmTC_6a3cb.dir/CMakeCCompilerABI.c.o] ==> ignore
    arg [-lgcc] ==> lib [gcc]
    arg [--as-needed] ==> ignore
    arg [-lgcc_s] ==> lib [gcc_s]
    arg [--no-as-needed] ==> ignore
    arg [-lc] ==> lib [c]
    arg [-lgcc] ==> lib [gcc]
    arg [--as-needed] ==> ignore
    arg [-lgcc_s] ==> lib [gcc_s]
    arg [--no-as-needed] ==> ignore
    arg [/usr/lib64/gcc/x86_64-slackware-linux/5.3.0/crtend.o] ==> ignore
    arg [/usr/lib64/gcc/x86_64-slackware-linux/5.3.0/../../../../lib64/crtn.o] ==> ignore
  remove lib [gcc]
  remove lib [gcc_s]
  remove lib [gcc]
  remove lib [gcc_s]
  collapse library dir [/usr/lib64/gcc/x86_64-slackware-linux/5.3.0] ==> [/usr/lib64/gcc/x86_64-slackware-linux/5.3.0]
  collapse library dir [/usr/lib64/gcc/x86_64-slackware-linux/5.3.0/../../../../lib64] ==> [/usr/lib64]
  collapse library dir [/lib/../lib64] ==> [/lib64]
  collapse library dir [/usr/lib/../lib64] ==> [/usr/lib64]
  collapse library dir [/usr/lib64/gcc/x86_64-slackware-linux/5.3.0/../../../../x86_64-slackware-linux/lib] ==> [/usr/x86_64-slackware-linux/lib]
  collapse library dir [/usr/lib64/gcc/x86_64-slackware-linux/5.3.0/../../..] ==> [/usr/lib64]
  implicit libs: [c]
  implicit dirs: [/usr/lib64/gcc/x86_64-slackware-linux/5.3.0;/usr/lib64;/lib64;/usr/x86_64-slackware-linux/lib]
  implicit fwks: []




Detecting C [-std=c11] compiler features compiled with the following output:
Change Dir: /home/lup/src/ogre_lessons/CMakeFiles/CMakeTmp

Run Build Command:"/usr/bin/gmake" "cmTC_87597/fast"
/usr/bin/gmake -f CMakeFiles/cmTC_87597.dir/build.make CMakeFiles/cmTC_87597.dir/build
gmake[1]: вход в каталог «/home/lup/src/ogre_lessons/CMakeFiles/CMakeTmp»
Building C object CMakeFiles/cmTC_87597.dir/feature_tests.c.o
/usr/bin/cc    -std=c11 -o CMakeFiles/cmTC_87597.dir/feature_tests.c.o   -c /home/lup/src/ogre_lessons/CMakeFiles/feature_tests.c
Linking C executable cmTC_87597
/usr/bin/cmake -E cmake_link_script CMakeFiles/cmTC_87597.dir/link.txt --verbose=1
/usr/bin/cc       CMakeFiles/cmTC_87597.dir/feature_tests.c.o  -o cmTC_87597 -rdynamic 
gmake[1]: выход из каталога «/home/lup/src/ogre_lessons/CMakeFiles/CMakeTmp»


    Feature record: C_FEATURE:1c_function_prototypes
    Feature record: C_FEATURE:1c_restrict
    Feature record: C_FEATURE:1c_static_assert
    Feature record: C_FEATURE:1c_variadic_macros


Detecting C [-std=c99] compiler features compiled with the following output:
Change Dir: /home/lup/src/ogre_lessons/CMakeFiles/CMakeTmp

Run Build Command:"/usr/bin/gmake" "cmTC_078b6/fast"
/usr/bin/gmake -f CMakeFiles/cmTC_078b6.dir/build.make CMakeFiles/cmTC_078b6.dir/build
gmake[1]: вход в каталог «/home/lup/src/ogre_lessons/CMakeFiles/CMakeTmp»
Building C object CMakeFiles/cmTC_078b6.dir/feature_tests.c.o
/usr/bin/cc    -std=c99 -o CMakeFiles/cmTC_078b6.dir/feature_tests.c.o   -c /home/lup/src/ogre_lessons/CMakeFiles/feature_tests.c
Linking C executable cmTC_078b6
/usr/bin/cmake -E cmake_link_script CMakeFiles/cmTC_078b6.dir/link.txt --verbose=1
/usr/bin/cc       CMakeFiles/cmTC_078b6.dir/feature_tests.c.o  -o cmTC_078b6 -rdynamic 
gmake[1]: выход из каталога «/home/lup/src/ogre_lessons/CMakeFiles/CMakeTmp»


    Feature record: C_FEATURE:1c_function_prototypes
    Feature record: C_FEATURE:1c_restrict
    Feature record: C_FEATURE:0c_static_assert
    Feature record: C_FEATURE:1c_variadic_macros


Detecting C [-std=c90] compiler features compiled with the following output:
Change Dir: /home/lup/src/ogre_lessons/CMakeFiles/CMakeTmp

Run Build Command:"/usr/bin/gmake" "cmTC_b711e/fast"
/usr/bin/gmake -f CMakeFiles/cmTC_b711e.dir/build.make CMakeFiles/cmTC_b711e.dir/build
gmake[1]: вход в каталог «/home/lup/src/ogre_lessons/CMakeFiles/CMakeTmp»
Building C object CMakeFiles/cmTC_b711e.dir/feature_tests.c.o
/usr/bin/cc    -std=c90 -o CMakeFiles/cmTC_b711e.dir/feature_tests.c.o   -c /home/lup/src/ogre_lessons/CMakeFiles/feature_tests.c
Linking C executable cmTC_b711e
/usr/bin/cmake -E cmake_link_script CMakeFiles/cmTC_b711e.dir/link.txt --verbose=1
/usr/bin/cc       CMakeFiles/cmTC_b711e.dir/feature_tests.c.o  -o cmTC_b711e -rdynamic 
gmake[1]: выход из каталога «/home/lup/src/ogre_lessons/CMakeFiles/CMakeTmp»


    Feature record: C_FEATURE:1c_function_prototypes
    Feature record: C_FEATURE:0c_restrict
    Feature record: C_FEATURE:0c_static_assert
    Feature record: C_FEATURE:0c_variadic_macros
Determining if the CXX compiler works passed with the following output:
Change Dir: /home/lup/src/ogre_lessons/CMakeFiles/CMakeTmp

Run Build Command:"/usr/bin/gmake" "cmTC_e6a01/fast"
/usr/bin/gmake -f CMakeFiles/cmTC_e6a01.dir/build.make CMakeFiles/cmTC_e6a01.dir/build
gmake[1]: вход в каталог «/home/lup/src/ogre_lessons/CMakeFiles/CMakeTmp»
Building CXX object CMakeFiles/cmTC_e6a01.dir/testCXXCompiler.cxx.o
/usr/bin/c++      -o CMakeFiles/cmTC_e6a01.dir/testCXXCompiler.cxx.o -c /home/lup/src/ogre_lessons/CMakeFiles/CMakeTmp/testCXXCompiler.cxx
Linking CXX executable cmTC_e6a01
/usr/bin/cmake -E cmake_link_script CMakeFiles/cmTC_e6a01.dir/link.txt --verbose=1
/usr/bin/c++        CMakeFiles/cmTC_e6a01.dir/testCXXCompiler.cxx.o  -o cmTC_e6a01 -rdynamic 
gmake[1]: выход из каталога «/home/lup/src/ogre_lessons/CMakeFiles/CMakeTmp»


Detecting CXX compiler ABI info compiled with the following output:
Change Dir: /home/lup/src/ogre_lessons/CMakeFiles/CMakeTmp

Run Build Command:"/usr/bin/gmake" "cmTC_3933b/fast"
/usr/bin/gmake -f CMakeFiles/cmTC_3933b.dir/build.make CMakeFiles/cmTC_3933b.dir/build
gmake[1]: вход в каталог «/home/lup/src/ogre_lessons/CMakeFiles/CMakeTmp»
Building CXX object CMakeFiles/cmTC_3933b.dir/CMakeCXXCompilerABI.cpp.o
/usr/bin/c++      -o CMakeFiles/cmTC_3933b.dir/CMakeCXXCompilerABI.cpp.o -c /usr/share/cmake-3.5/Modules/CMakeCXXCompilerABI.cpp
Linking CXX executable cmTC_3933b
/usr/bin/cmake -E cmake_link_script CMakeFiles/cmTC_3933b.dir/link.txt --verbose=1
/usr/bin/c++       -v CMakeFiles/cmTC_3933b.dir/CMakeCXXCompilerABI.cpp.o  -o cmTC_3933b -rdynamic  
Спецификации прочитаны из /usr/lib64/gcc/x86_64-slackware-linux/5.3.0/specs
COLLECT_GCC=/usr/bin/c++
COLLECT_LTO_WRAPPER=/usr/libexec/gcc/x86_64-slackware-linux/5.3.0/lto-wrapper
Целевая архитектура: x86_64-slackware-linux
Параметры конфигурации: ../gcc-5.3.0/configure --prefix=/usr --libdir=/usr/lib64 --mandir=/usr/man --infodir=/usr/info --enable-shared --enable-bootstrap --enable-languages=ada,c,c++,fortran,go,java,lto,objc --enable-threads=posix --enable-checking=release --enable-objc-gc --with-system-zlib --with-python-dir=/lib64/python2.7/site-packages --enable-libstdcxx-dual-abi --with-default-libstdcxx-abi=gcc4-compatible --disable-libunwind-exceptions --enable-__cxa_atexit --enable-libssp --enable-lto --disable-install-libiberty --with-gnu-ld --verbose --enable-java-home --with-java-home=/usr/lib64/jvm/jre --with-jvm-root-dir=/usr/lib64/jvm --with-jvm-jar-dir=/usr/lib64/jvm/jvm-exports --with-arch-directory=amd64 --with-antlr-jar=/root/slackware64-current/source/d/gcc/antlr-runtime-3.4.jar --enable-java-awt=gtk --disable-gtktest --disable-multilib --target=x86_64-slackware-linux --build=x86_64-slackware-linux --host=x86_64-slackware-linux
Модель многопоточности: posix
gcc версия 5.3.0 (GCC) 
COMPILER_PATH=/usr/libexec/gcc/x86_64-slackware-linux/5.3.0/:/usr/libexec/gcc/x86_64-slackware-linux/5.3.0/:/usr/libexec/gcc/x86_64-slackware-linux/:/usr/lib64/gcc/x86_64-slackware-linux/5.3.0/:/usr/lib64/gcc/x86_64-slackware-linux/:/usr/lib64/gcc/x86_64-slackware-linux/5.3.0/../../../../x86_64-slackware-linux/bin/
LIBRARY_PATH=/usr/lib64/gcc/x86_64-slackware-linux/5.3.0/:/usr/lib64/gcc/x86_64-slackware-linux/5.3.0/../../../../lib64/:/lib/../lib64/:/usr/lib/../lib64/:/usr/lib64/gcc/x86_64-slackware-linux/5.3.0/../../../../x86_64-slackware-linux/lib/:/usr/lib64/gcc/x86_64-slackware-linux/5.3.0/../../../:/lib/:/usr/lib/
COLLECT_GCC_OPTIONS='-v' '-o' 'cmTC_3933b' '-rdynamic' '-shared-libgcc' '-mtune=generic' '-march=x86-64'
 /usr/libexec/gcc/x86_64-slackware-linux/5.3.0/collect2 -plugin /usr/libexec/gcc/x86_64-slackware-linux/5.3.0/liblto_plugin.so -plugin-opt=/usr/libexec/gcc/x86_64-slackware-linux/5.3.0/lto-wrapper -plugin-opt=-fresolution=/tmp/cc1t8llv.res -plugin-opt=-pass-through=-lgcc_s -plugin-opt=-pass-through=-lgcc -plugin-opt=-pass-through=-lc -plugin-opt=-pass-through=-lgcc_s -plugin-opt=-pass-through=-lgcc --eh-frame-hdr -m elf_x86_64 -export-dynamic -dynamic-linker /lib64/ld-linux-x86-64.so.2 -o cmTC_3933b /usr/lib64/gcc/x86_64-slackware-linux/5.3.0/../../../../lib64/crt1.o /usr/lib64/gcc/x86_64-slackware-linux/5.3.0/../../../../lib64/crti.o /usr/lib64/gcc/x86_64-slackware-linux/5.3.0/crtbegin.o -L/usr/lib64/gcc/x86_64-slackware-linux/5.3.0 -L/usr/lib64/gcc/x86_64-slackware-linux/5.3.0/../../../../lib64 -L/lib/../lib64 -L/usr/lib/../lib64 -L/usr/lib64/gcc/x86_64-slackware-linux/5.3.0/../../../../x86_64-slackware-linux/lib -L/usr/lib64/gcc/x86_64-slackware-linux/5.3.0/../../.. CMakeFiles/cmTC_3933b.dir/CMakeCXXCompilerABI.cpp.o -lstdc++ -lm -lgcc_s -lgcc -lc -lgcc_s -lgcc /usr/lib64/gcc/x86_64-slackware-linux/5.3.0/crtend.o /usr/lib64/gcc/x86_64-slackware-linux/5.3.0/../../../../lib64/crtn.o
gmake[1]: выход из каталога «/home/lup/src/ogre_lessons/CMakeFiles/CMakeTmp»


Parsed CXX implicit link information from above output:
  link line regex: [^( *|.*[/\])(ld|([^/\]+-)?ld|collect2)[^/\]*( |$)]
  ignore line: [Change Dir: /home/lup/src/ogre_lessons/CMakeFiles/CMakeTmp]
  ignore line: []
  ignore line: [Run Build Command:"/usr/bin/gmake" "cmTC_3933b/fast"]
  ignore line: [/usr/bin/gmake -f CMakeFiles/cmTC_3933b.dir/build.make CMakeFiles/cmTC_3933b.dir/build]
  ignore line: [gmake[1]: вход в каталог «/home/lup/src/ogre_lessons/CMakeFiles/CMakeTmp»]
  ignore line: [Building CXX object CMakeFiles/cmTC_3933b.dir/CMakeCXXCompilerABI.cpp.o]
  ignore line: [/usr/bin/c++      -o CMakeFiles/cmTC_3933b.dir/CMakeCXXCompilerABI.cpp.o -c /usr/share/cmake-3.5/Modules/CMakeCXXCompilerABI.cpp]
  ignore line: [Linking CXX executable cmTC_3933b]
  ignore line: [/usr/bin/cmake -E cmake_link_script CMakeFiles/cmTC_3933b.dir/link.txt --verbose=1]
  ignore line: [/usr/bin/c++       -v CMakeFiles/cmTC_3933b.dir/CMakeCXXCompilerABI.cpp.o  -o cmTC_3933b -rdynamic  ]
  ignore line: [Спецификации прочитаны из /usr/lib64/gcc/x86_64-slackware-linux/5.3.0/specs]
  ignore line: [COLLECT_GCC=/usr/bin/c++]
  ignore line: [COLLECT_LTO_WRAPPER=/usr/libexec/gcc/x86_64-slackware-linux/5.3.0/lto-wrapper]
  ignore line: [Целевая архитектура: x86_64-slackware-linux]
  ignore line: [Параметры конфигурации: ../gcc-5.3.0/configure --prefix=/usr --libdir=/usr/lib64 --mandir=/usr/man --infodir=/usr/info --enable-shared --enable-bootstrap --enable-languages=ada,c,c++,fortran,go,java,lto,objc --enable-threads=posix --enable-checking=release --enable-objc-gc --with-system-zlib --with-python-dir=/lib64/python2.7/site-packages --enable-libstdcxx-dual-abi --with-default-libstdcxx-abi=gcc4-compatible --disable-libunwind-exceptions --enable-__cxa_atexit --enable-libssp --enable-lto --disable-install-libiberty --with-gnu-ld --verbose --enable-java-home --with-java-home=/usr/lib64/jvm/jre --with-jvm-root-dir=/usr/lib64/jvm --with-jvm-jar-dir=/usr/lib64/jvm/jvm-exports --with-arch-directory=amd64 --with-antlr-jar=/root/slackware64-current/source/d/gcc/antlr-runtime-3.4.jar --enable-java-awt=gtk --disable-gtktest --disable-multilib --target=x86_64-slackware-linux --build=x86_64-slackware-linux --host=x86_64-slackware-linux]
  ignore line: [Модель многопоточности: posix]
  ignore line: [gcc версия 5.3.0 (GCC) ]
  ignore line: [COMPILER_PATH=/usr/libexec/gcc/x86_64-slackware-linux/5.3.0/:/usr/libexec/gcc/x86_64-slackware-linux/5.3.0/:/usr/libexec/gcc/x86_64-slackware-linux/:/usr/lib64/gcc/x86_64-slackware-linux/5.3.0/:/usr/lib64/gcc/x86_64-slackware-linux/:/usr/lib64/gcc/x86_64-slackware-linux/5.3.0/../../../../x86_64-slackware-linux/bin/]
  ignore line: [LIBRARY_PATH=/usr/lib64/gcc/x86_64-slackware-linux/5.3.0/:/usr/lib64/gcc/x86_64-slackware-linux/5.3.0/../../../../lib64/:/lib/../lib64/:/usr/lib/../lib64/:/usr/lib64/gcc/x86_64-slackware-linux/5.3.0/../../../../x86_64-slackware-linux/lib/:/usr/lib64/gcc/x86_64-slackware-linux/5.3.0/../../../:/lib/:/usr/lib/]
  ignore line: [COLLECT_GCC_OPTIONS='-v' '-o' 'cmTC_3933b' '-rdynamic' '-shared-libgcc' '-mtune=generic' '-march=x86-64']
  link line: [ /usr/libexec/gcc/x86_64-slackware-linux/5.3.0/collect2 -plugin /usr/libexec/gcc/x86_64-slackware-linux/5.3.0/liblto_plugin.so -plugin-opt=/usr/libexec/gcc/x86_64-slackware-linux/5.3.0/lto-wrapper -plugin-opt=-fresolution=/tmp/cc1t8llv.res -plugin-opt=-pass-through=-lgcc_s -plugin-opt=-pass-through=-lgcc -plugin-opt=-pass-through=-lc -plugin-opt=-pass-through=-lgcc_s -plugin-opt=-pass-through=-lgcc --eh-frame-hdr -m elf_x86_64 -export-dynamic -dynamic-linker /lib64/ld-linux-x86-64.so.2 -o cmTC_3933b /usr/lib64/gcc/x86_64-slackware-linux/5.3.0/../../../../lib64/crt1.o /usr/lib64/gcc/x86_64-slackware-linux/5.3.0/../../../../lib64/crti.o /usr/lib64/gcc/x86_64-slackware-linux/5.3.0/crtbegin.o -L/usr/lib64/gcc/x86_64-slackware-linux/5.3.0 -L/usr/lib64/gcc/x86_64-slackware-linux/5.3.0/../../../../lib64 -L/lib/../lib64 -L/usr/lib/../lib64 -L/usr/lib64/gcc/x86_64-slackware-linux/5.3.0/../../../../x86_64-slackware-linux/lib -L/usr/lib64/gcc/x86_64-slackware-linux/5.3.0/../../.. CMakeFiles/cmTC_3933b.dir/CMakeCXXCompilerABI.cpp.o -lstdc++ -lm -lgcc_s -lgcc -lc -lgcc_s -lgcc /usr/lib64/gcc/x86_64-slackware-linux/5.3.0/crtend.o /usr/lib64/gcc/x86_64-slackware-linux/5.3.0/../../../../lib64/crtn.o]
    arg [/usr/libexec/gcc/x86_64-slackware-linux/5.3.0/collect2] ==> ignore
    arg [-plugin] ==> ignore
    arg [/usr/libexec/gcc/x86_64-slackware-linux/5.3.0/liblto_plugin.so] ==> ignore
    arg [-plugin-opt=/usr/libexec/gcc/x86_64-slackware-linux/5.3.0/lto-wrapper] ==> ignore
    arg [-plugin-opt=-fresolution=/tmp/cc1t8llv.res] ==> ignore
    arg [-plugin-opt=-pass-through=-lgcc_s] ==> ignore
    arg [-plugin-opt=-pass-through=-lgcc] ==> ignore
    arg [-plugin-opt=-pass-through=-lc] ==> ignore
    arg [-plugin-opt=-pass-through=-lgcc_s] ==> ignore
    arg [-plugin-opt=-pass-through=-lgcc] ==> ignore
    arg [--eh-frame-hdr] ==> ignore
    arg [-m] ==> ignore
    arg [elf_x86_64] ==> ignore
    arg [-export-dynamic] ==> ignore
    arg [-dynamic-linker] ==> ignore
    arg [/lib64/ld-linux-x86-64.so.2] ==> ignore
    arg [-o] ==> ignore
    arg [cmTC_3933b] ==> ignore
    arg [/usr/lib64/gcc/x86_64-slackware-linux/5.3.0/../../../../lib64/crt1.o] ==> ignore
    arg [/usr/lib64/gcc/x86_64-slackware-linux/5.3.0/../../../../lib64/crti.o] ==> ignore
    arg [/usr/lib64/gcc/x86_64-slackware-linux/5.3.0/crtbegin.o] ==> ignore
    arg [-L/usr/lib64/gcc/x86_64-slackware-linux/5.3.0] ==> dir [/usr/lib64/gcc/x86_64-slackware-linux/5.3.0]
    arg [-L/usr/lib64/gcc/x86_64-slackware-linux/5.3.0/../../../../lib64] ==> dir [/usr/lib64/gcc/x86_64-slackware-linux/5.3.0/../../../../lib64]
    arg [-L/lib/../lib64] ==> dir [/lib/../lib64]
    arg [-L/usr/lib/../lib64] ==> dir [/usr/lib/../lib64]
    arg [-L/usr/lib64/gcc/x86_64-slackware-linux/5.3.0/../../../../x86_64-slackware-linux/lib] ==> dir [/usr/lib64/gcc/x86_64-slackware-linux/5.3.0/../../../../x86_64-slackware-linux/lib]
    arg [-L/usr/lib64/gcc/x86_64-slackware-linux/5.3.0/../../..] ==> dir [/usr/lib64/gcc/x86_64-slackware-linux/5.3.0/../../..]
    arg [CMakeFiles/cmTC_3933b.dir/CMakeCXXCompilerABI.cpp.o] ==> ignore
    arg [-lstdc++] ==> lib [stdc++]
    arg [-lm] ==> lib [m]
    arg [-lgcc_s] ==> lib [gcc_s]
    arg [-lgcc] ==> lib [gcc]
    arg [-lc] ==> lib [c]
    arg [-lgcc_s] ==> lib [gcc_s]
    arg [-lgcc] ==> lib [gcc]
    arg [/usr/lib64/gcc/x86_64-slackware-linux/5.3.0/crtend.o] ==> ignore
    arg [/usr/lib64/gcc/x86_64-slackware-linux/5.3.0/../../../../lib64/crtn.o] ==> ignore
  remove lib [gcc_s]
  remove lib [gcc]
  remove lib [gcc_s]
  remove lib [gcc]
  collapse library dir [/usr/lib64/gcc/x86_64-slackware-linux/5.3.0] ==> [/usr/lib64/gcc/x86_64-slackware-linux/5.3.0]
  collapse library dir [/usr/lib64/gcc/x86_64-slackware-linux/5.3.0/../../../../lib64] ==> [/usr/lib64]
  collapse library dir [/lib/../lib64] ==> [/lib64]
  collapse library dir [/usr/lib/../lib64] ==> [/usr/lib64]
  collapse library dir [/usr/lib64/gcc/x86_64-slackware-linux/5.3.0/../../../../x86_64-slackware-linux/lib] ==> [/usr/x86_64-slackware-linux/lib]
  collapse library dir [/usr/lib64/gcc/x86_64-slackware-linux/5.3.0/../../..] ==> [/usr/lib64]
  implicit libs: [stdc++;m;c]
  implicit dirs: [/usr/lib64/gcc/x86_64-slackware-linux/5.3.0;/usr/lib64;/lib64;/usr/x86_64-slackware-linux/lib]
  implicit fwks: []




Detecting CXX [-std=c++14] compiler features compiled with the following output:
Change Dir: /home/lup/src/ogre_lessons/CMakeFiles/CMakeTmp

Run Build Command:"/usr/bin/gmake" "cmTC_69dd2/fast"
/usr/bin/gmake -f CMakeFiles/cmTC_69dd2.dir/build.make CMakeFiles/cmTC_69dd2.dir/build
gmake[1]: вход в каталог «/home/lup/src/ogre_lessons/CMakeFiles/CMakeTmp»
Building CXX object CMakeFiles/cmTC_69dd2.dir/feature_tests.cxx.o
/usr/bin/c++     -std=c++14 -o CMakeFiles/cmTC_69dd2.dir/feature_tests.cxx.o -c /home/lup/src/ogre_lessons/CMakeFiles/feature_tests.cxx
Linking CXX executable cmTC_69dd2
/usr/bin/cmake -E cmake_link_script CMakeFiles/cmTC_69dd2.dir/link.txt --verbose=1
/usr/bin/c++        CMakeFiles/cmTC_69dd2.dir/feature_tests.cxx.o  -o cmTC_69dd2 -rdynamic 
gmake[1]: выход из каталога «/home/lup/src/ogre_lessons/CMakeFiles/CMakeTmp»


    Feature record: CXX_FEATURE:1cxx_aggregate_default_initializers
    Feature record: CXX_FEATURE:1cxx_alias_templates
    Feature record: CXX_FEATURE:1cxx_alignas
    Feature record: CXX_FEATURE:1cxx_alignof
    Feature record: CXX_FEATURE:1cxx_attributes
    Feature record: CXX_FEATURE:1cxx_attribute_deprecated
    Feature record: CXX_FEATURE:1cxx_auto_type
    Feature record: CXX_FEATURE:1cxx_binary_literals
    Feature record: CXX_FEATURE:1cxx_constexpr
    Feature record: CXX_FEATURE:1cxx_contextual_conversions
    Feature record: CXX_FEATURE:1cxx_decltype
    Feature record: CXX_FEATURE:1cxx_decltype_auto
    Feature record: CXX_FEATURE:1cxx_decltype_incomplete_return_types
    Feature record: CXX_FEATURE:1cxx_default_function_template_args
    Feature record: CXX_FEATURE:1cxx_defaulted_functions
    Feature record: CXX_FEATURE:1cxx_defaulted_move_initializers
    Feature record: CXX_FEATURE:1cxx_delegating_constructors
    Feature record: CXX_FEATURE:1cxx_deleted_functions
    Feature record: CXX_FEATURE:1cxx_digit_separators
    Feature record: CXX_FEATURE:1cxx_enum_forward_declarations
    Feature record: CXX_FEATURE:1cxx_explicit_conversions
    Feature record: CXX_FEATURE:1cxx_extended_friend_declarations
    Feature record: CXX_FEATURE:1cxx_extern_templates
    Feature record: CXX_FEATURE:1cxx_final
    Feature record: CXX_FEATURE:1cxx_func_identifier
    Feature record: CXX_FEATURE:1cxx_generalized_initializers
    Feature record: CXX_FEATURE:1cxx_generic_lambdas
    Feature record: CXX_FEATURE:1cxx_inheriting_constructors
    Feature record: CXX_FEATURE:1cxx_inline_namespaces
    Feature record: CXX_FEATURE:1cxx_lambdas
    Feature record: CXX_FEATURE:1cxx_lambda_init_captures
    Feature record: CXX_FEATURE:1cxx_local_type_template_args
    Feature record: CXX_FEATURE:1cxx_long_long_type
    Feature record: CXX_FEATURE:1cxx_noexcept
    Feature record: CXX_FEATURE:1cxx_nonstatic_member_init
    Feature record: CXX_FEATURE:1cxx_nullptr
    Feature record: CXX_FEATURE:1cxx_override
    Feature record: CXX_FEATURE:1cxx_range_for
    Feature record: CXX_FEATURE:1cxx_raw_string_literals
    Feature record: CXX_FEATURE:1cxx_reference_qualified_functions
    Feature record: CXX_FEATURE:1cxx_relaxed_constexpr
    Feature record: CXX_FEATURE:1cxx_return_type_deduction
    Feature record: CXX_FEATURE:1cxx_right_angle_brackets
    Feature record: CXX_FEATURE:1cxx_rvalue_references
    Feature record: CXX_FEATURE:1cxx_sizeof_member
    Feature record: CXX_FEATURE:1cxx_static_assert
    Feature record: CXX_FEATURE:1cxx_strong_enums
    Feature record: CXX_FEATURE:1cxx_template_template_parameters
    Feature record: CXX_FEATURE:1cxx_thread_local
    Feature record: CXX_FEATURE:1cxx_trailing_return_types
    Feature record: CXX_FEATURE:1cxx_unicode_literals
    Feature record: CXX_FEATURE:1cxx_uniform_initialization
    Feature record: CXX_FEATURE:1cxx_unrestricted_unions
    Feature record: CXX_FEATURE:1cxx_user_literals
    Feature record: CXX_FEATURE:1cxx_variable_templates
    Feature record: CXX_FEATURE:1cxx_variadic_macros
    Feature record: CXX_FEATURE:1cxx_variadic_templates


Detecting CXX [-std=c++11] compiler features compiled with the following output:
Change Dir: /home/lup/src/ogre_lessons/CMakeFiles/CMakeTmp

Run Build Command:"/usr/bin/gmake" "cmTC_de537/fast"
/usr/bin/gmake -f CMakeFiles/cmTC_de537.dir/build.make CMakeFiles/cmTC_de537.dir/build
gmake[1]: вход в каталог «/home/lup/src/ogre_lessons/CMakeFiles/CMakeTmp»
Building CXX object CMakeFiles/cmTC_de537.dir/feature_tests.cxx.o
/usr/bin/c++     -std=c++11 -o CMakeFiles/cmTC_de537.dir/feature_tests.cxx.o -c /home/lup/src/ogre_lessons/CMakeFiles/feature_tests.cxx
Linking CXX executable cmTC_de537
/usr/bin/cmake -E cmake_link_script CMakeFiles/cmTC_de537.dir/link.txt --verbose=1
/usr/bin/c++        CMakeFiles/cmTC_de537.dir/feature_tests.cxx.o  -o cmTC_de537 -rdynamic 
gmake[1]: выход из каталога «/home/lup/src/ogre_lessons/CMakeFiles/CMakeTmp»


    Feature record: CXX_FEATURE:0cxx_aggregate_default_initializers
    Feature record: CXX_FEATURE:1cxx_alias_templates
    Feature record: CXX_FEATURE:1cxx_alignas
    Feature record: CXX_FEATURE:1cxx_alignof
    Feature record: CXX_FEATURE:1cxx_attributes
    Feature record: CXX_FEATURE:0cxx_attribute_deprecated
    Feature record: CXX_FEATURE:1cxx_auto_type
    Feature record: CXX_FEATURE:0cxx_binary_literals
    Feature record: CXX_FEATURE:1cxx_constexpr
    Feature record: CXX_FEATURE:0cxx_contextual_conversions
    Feature record: CXX_FEATURE:1cxx_decltype
    Feature record: CXX_FEATURE:0cxx_decltype_auto
    Feature record: CXX_FEATURE:1cxx_decltype_incomplete_return_types
    Feature record: CXX_FEATURE:1cxx_default_function_template_args
    Feature record: CXX_FEATURE:1cxx_defaulted_functions
    Feature record: CXX_FEATURE:1cxx_defaulted_move_initializers
    Feature record: CXX_FEATURE:1cxx_delegating_constructors
    Feature record: CXX_FEATURE:1cxx_deleted_functions
    Feature record: CXX_FEATURE:0cxx_digit_separators
    Feature record: CXX_FEATURE:1cxx_enum_forward_declarations
    Feature record: CXX_FEATURE:1cxx_explicit_conversions
    Feature record: CXX_FEATURE:1cxx_extended_friend_declarations
    Feature record: CXX_FEATURE:1cxx_extern_templates
    Feature record: CXX_FEATURE:1cxx_final
    Feature record: CXX_FEATURE:1cxx_func_identifier
    Feature record: CXX_FEATURE:1cxx_generalized_initializers
    Feature record: CXX_FEATURE:0cxx_generic_lambdas
    Feature record: CXX_FEATURE:1cxx_inheriting_constructors
    Feature record: CXX_FEATURE:1cxx_inline_namespaces
    Feature record: CXX_FEATURE:1cxx_lambdas
    Feature record: CXX_FEATURE:0cxx_lambda_init_captures
    Feature record: CXX_FEATURE:1cxx_local_type_template_args
    Feature record: CXX_FEATURE:1cxx_long_long_type
    Feature record: CXX_FEATURE:1cxx_noexcept
    Feature record: CXX_FEATURE:1cxx_nonstatic_member_init
    Feature record: CXX_FEATURE:1cxx_nullptr
    Feature record: CXX_FEATURE:1cxx_override
    Feature record: CXX_FEATURE:1cxx_range_for
    Feature record: CXX_FEATURE:1cxx_raw_string_literals
    Feature record: CXX_FEATURE:1cxx_reference_qualified_functions
    Feature record: CXX_FEATURE:0cxx_relaxed_constexpr
    Feature record: CXX_FEATURE:0cxx_return_type_deduction
    Feature record: CXX_FEATURE:1cxx_right_angle_brackets
    Feature record: CXX_FEATURE:1cxx_rvalue_references
    Feature record: CXX_FEATURE:1cxx_sizeof_member
    Feature record: CXX_FEATURE:1cxx_static_assert
    Feature record: CXX_FEATURE:1cxx_strong_enums
    Feature record: CXX_FEATURE:1cxx_template_template_parameters
    Feature record: CXX_FEATURE:1cxx_thread_local
    Feature record: CXX_FEATURE:1cxx_trailing_return_types
    Feature record: CXX_FEATURE:1cxx_unicode_literals
    Feature record: CXX_FEATURE:1cxx_uniform_initialization
    Feature record: CXX_FEATURE:1cxx_unrestricted_unions
    Feature record: CXX_FEATURE:1cxx_user_literals
    Feature record: CXX_FEATURE:0cxx_variable_templates
    Feature record: CXX_FEATURE:1cxx_variadic_macros
    Feature record: CXX_FEATURE:1cxx_variadic_templates


Detecting CXX [-std=c++98] compiler features compiled with the following output:
Change Dir: /home/lup/src/ogre_lessons/CMakeFiles/CMakeTmp

Run Build Command:"/usr/bin/gmake" "cmTC_565b8/fast"
/usr/bin/gmake -f CMakeFiles/cmTC_565b8.dir/build.make CMakeFiles/cmTC_565b8.dir/build
gmake[1]: вход в каталог «/home/lup/src/ogre_lessons/CMakeFiles/CMakeTmp»
Building CXX object CMakeFiles/cmTC_565b8.dir/feature_tests.cxx.o
/usr/bin/c++     -std=c++98 -o CMakeFiles/cmTC_565b8.dir/feature_tests.cxx.o -c /home/lup/src/ogre_lessons/CMakeFiles/feature_tests.cxx
Linking CXX executable cmTC_565b8
/usr/bin/cmake -E cmake_link_script CMakeFiles/cmTC_565b8.dir/link.txt --verbose=1
/usr/bin/c++        CMakeFiles/cmTC_565b8.dir/feature_tests.cxx.o  -o cmTC_565b8 -rdynamic 
gmake[1]: выход из каталога «/home/lup/src/ogre_lessons/CMakeFiles/CMakeTmp»


    Feature record: CXX_FEATURE:0cxx_aggregate_default_initializers
    Feature record: CXX_FEATURE:0cxx_alias_templates
    Feature record: CXX_FEATURE:0cxx_alignas
    Feature record: CXX_FEATURE:0cxx_alignof
    Feature record: CXX_FEATURE:0cxx_attributes
    Feature record: CXX_FEATURE:0cxx_attribute_deprecated
    Feature record: CXX_FEATURE:0cxx_auto_type
    Feature record: CXX_FEATURE:0cxx_binary_literals
    Feature record: CXX_FEATURE:0cxx_constexpr
    Feature record: CXX_FEATURE:0cxx_contextual_conversions
    Feature record: CXX_FEATURE:0cxx_decltype
    Feature record: CXX_FEATURE:0cxx_decltype_auto
    Feature record: CXX_FEATURE:0cxx_decltype_incomplete_return_types
    Feature record: CXX_FEATURE:0cxx_default_function_template_args
    Feature record: CXX_FEATURE:0cxx_defaulted_functions
    Feature record: CXX_FEATURE:0cxx_defaulted_move_initializers
    Feature record: CXX_FEATURE:0cxx_delegating_constructors
    Feature record: CXX_FEATURE:0cxx_deleted_functions
    Feature record: CXX_FEATURE:0cxx_digit_separators
    Feature record: CXX_FEATURE:0cxx_enum_forward_declarations
    Feature record: CXX_FEATURE:0cxx_explicit_conversions
    Feature record: CXX_FEATURE:0cxx_extended_friend_declarations
    Feature record: CXX_FEATURE:0cxx_extern_templates
    Feature record: CXX_FEATURE:0cxx_final
    Feature record: CXX_FEATURE:0cxx_func_identifier
    Feature record: CXX_FEATURE:0cxx_generalized_initializers
    Feature record: CXX_FEATURE:0cxx_generic_lambdas
    Feature record: CXX_FEATURE:0cxx_inheriting_constructors
    Feature record: CXX_FEATURE:0cxx_inline_namespaces
    Feature record: CXX_FEATURE:0cxx_lambdas
    Feature record: CXX_FEATURE:0cxx_lambda_init_captures
    Feature record: CXX_FEATURE:0cxx_local_type_template_args
    Feature record: CXX_FEATURE:0cxx_long_long_type
    Feature record: CXX_FEATURE:0cxx_noexcept
    Feature record: CXX_FEATURE:0cxx_nonstatic_member_init
    Feature record: CXX_FEATURE:0cxx_nullptr
    Feature record: CXX_FEATURE:0cxx_override
    Feature record: CXX_FEATURE:0cxx_range_for
    Feature record: CXX_FEATURE:0cxx_raw_string_literals
    Feature record: CXX_FEATURE:0cxx_reference_qualified_functions
    Feature record: CXX_FEATURE:0cxx_relaxed_constexpr
    Feature record: CXX_FEATURE:0cxx_return_type_deduction
    Feature record: CXX_FEATURE:0cxx_right_angle_brackets
    Feature record: CXX_FEATURE:0cxx_rvalue_references
    Feature record: CXX_FEATURE:0cxx_sizeof_member
    Feature record: CXX_FEATURE:0cxx_static_assert
    Feature record: CXX_FEATURE:0cxx_strong_enums
    Feature record: CXX_FEATURE:1cxx_template_template_parameters
    Feature record: CXX_FEATURE:0cxx_thread_local
    Feature record: CXX_FEATURE:0cxx_trailing_return_types
    Feature record: CXX_FEATURE:0cxx_unicode_literals
    Feature record: CXX_FEATURE:0cxx_uniform_initialization
    Feature record: CXX_FEATURE:0cxx_unrestricted_unions
    Feature record: CXX_FEATURE:0cxx_user_literals
    Feature record: CXX_FEATURE:0cxx_variable_templates
    Feature record: CXX_FEATURE:0cxx_variadic_macros
    Feature record: CXX_FEATURE:0cxx_variadic_templates
Determining if the include file pthread.h exists passed with the following output:
Change Dir: /home/lup/src/ogre_lessons/CMakeFiles/CMakeTmp

Run Build Command:"/usr/bin/gmake" "cmTC_62603/fast"
/usr/bin/gmake -f CMakeFiles/cmTC_62603.dir/build.make CMakeFiles/cmTC_62603.dir/build
gmake[1]: вход в каталог «/home/lup/src/ogre_lessons/CMakeFiles/CMakeTmp»
Building C object CMakeFiles/cmTC_62603.dir/CheckIncludeFile.c.o
/usr/bin/cc     -o CMakeFiles/cmTC_62603.dir/CheckIncludeFile.c.o   -c /home/lup/src/ogre_lessons/CMakeFiles/CMakeTmp/CheckIncludeFile.c
Linking C executable cmTC_62603
/usr/bin/cmake -E cmake_link_script CMakeFiles/cmTC_62603.dir/link.txt --verbose=1
/usr/bin/cc       CMakeFiles/cmTC_62603.dir/CheckIncludeFile.c.o  -o cmTC_62603 -rdynamic 
gmake[1]: выход из каталога «/home/lup/src/ogre_lessons/CMakeFiles/CMakeTmp»


Determining if the function pthread_create exists in the pthread passed with the following output:
Change Dir: /home/lup/src/ogre_lessons/CMakeFiles/CMakeTmp

Run Build Command:"/usr/bin/gmake" "cmTC_7f1b8/fast"
/usr/bin/gmake -f CMakeFiles/cmTC_7f1b8.dir/build.make CMakeFiles/cmTC_7f1b8.dir/build
gmake[1]: вход в каталог «/home/lup/src/ogre_lessons/CMakeFiles/CMakeTmp»
Building C object CMakeFiles/cmTC_7f1b8.dir/CheckFunctionExists.c.o
/usr/bin/cc    -DCHECK_FUNCTION_EXISTS=pthread_create   -o CMakeFiles/cmTC_7f1b8.dir/CheckFunctionExists.c.o   -c /usr/share/cmake-3.5/Modules/CheckFunctionExists.c
Linking C executable cmTC_7f1b8
/usr/bin/cmake -E cmake_link_script CMakeFiles/cmTC_7f1b8.dir/link.txt --verbose=1
/usr/bin/cc   -DCHECK_FUNCTION_EXISTS=pthread_create    CMakeFiles/cmTC_7f1b8.dir/CheckFunctionExists.c.o  -o cmTC_7f1b8 -rdynamic -lpthread 
gmake[1]: выход из каталога «/home/lup/src/ogre_lessons/CMakeFiles/CMakeTmp»


Determining if the include file pthread.h exists passed with the following output:
Change Dir: /home/qtkr64/work/tmp/ogre3d/ogre_lessons/CMakeFiles/CMakeTmp

Run Build Command:"/usr/bin/make" "cmTC_47613/fast"
/usr/bin/make -f CMakeFiles/cmTC_47613.dir/build.make CMakeFiles/cmTC_47613.dir/build
make[1]: вход в каталог «/home/qtkr64/work/tmp/ogre3d/ogre_lessons/CMakeFiles/CMakeTmp»
Building C object CMakeFiles/cmTC_47613.dir/CheckIncludeFile.c.o
/usr/bin/cc     -o CMakeFiles/cmTC_47613.dir/CheckIncludeFile.c.o   -c /home/qtkr64/work/tmp/ogre3d/ogre_lessons/CMakeFiles/CMakeTmp/CheckIncludeFile.c
Linking C executable cmTC_47613
/usr/bin/cmake -E cmake_link_script CMakeFiles/cmTC_47613.dir/link.txt --verbose=1
/usr/bin/cc       CMakeFiles/cmTC_47613.dir/CheckIncludeFile.c.o  -o cmTC_47613 -rdynamic 
make[1]: выход из каталога «/home/qtkr64/work/tmp/ogre3d/ogre_lessons/CMakeFiles/CMakeTmp»


Determining if the function pthread_create exists in the pthread passed with the following output:
Change Dir: /home/qtkr64/work/tmp/ogre3d/ogre_lessons/CMakeFiles/CMakeTmp

Run Build Command:"/usr/bin/make" "cmTC_a970d/fast"
/usr/bin/make -f CMakeFiles/cmTC_a970d.dir/build.make CMakeFiles/cmTC_a970d.dir/build
make[1]: вход в каталог «/home/qtkr64/work/tmp/ogre3d/ogre_lessons/CMakeFiles/CMakeTmp»
Building C object CMakeFiles/cmTC_a970d.dir/CheckFunctionExists.c.o
/usr/bin/cc    -DCHECK_FUNCTION_EXISTS=pthread_create   -o CMakeFiles/cmTC_a970d.dir/CheckFunctionExists.c.o   -c /usr/share/cmake-3.6/Modules/CheckFunctionExists.c
Linking C executable cmTC_a970d
/usr/bin/cmake -E cmake_link_script CMakeFiles/cmTC_a970d.dir/link.txt --verbose=1
/usr/bin/cc   -DCHECK_FUNCTION_EXISTS=pthread_create    CMakeFiles/cmTC_a970d.dir/CheckFunctionExists.c.o  -o cmTC_a970d -rdynamic -lpthread 
make[1]: выход из каталога «/home/qtkr64/work/tmp/ogre3d/ogre_lessons/CMakeFiles/CMakeTmp»


