Determining if the pthread_create exist failed with the following output:
Change Dir: /home/qtkr64/work/tmp/ogre3d/ogre_lessons/build/CMakeFiles/CMakeTmp

Run Build Command:"/usr/bin/make" "cmTC_41b14/fast"
/usr/bin/make -f CMakeFiles/cmTC_41b14.dir/build.make CMakeFiles/cmTC_41b14.dir/build
make[1]: вход в каталог «/home/qtkr64/work/tmp/ogre3d/ogre_lessons/build/CMakeFiles/CMakeTmp»
Building C object CMakeFiles/cmTC_41b14.dir/CheckSymbolExists.c.o
/usr/bin/cc     -o CMakeFiles/cmTC_41b14.dir/CheckSymbolExists.c.o   -c /home/qtkr64/work/tmp/ogre3d/ogre_lessons/build/CMakeFiles/CMakeTmp/CheckSymbolExists.c
Linking C executable cmTC_41b14
/usr/bin/cmake -E cmake_link_script CMakeFiles/cmTC_41b14.dir/link.txt --verbose=1
/usr/bin/cc       CMakeFiles/cmTC_41b14.dir/CheckSymbolExists.c.o  -o cmTC_41b14 -rdynamic 
CMakeFiles/cmTC_41b14.dir/CheckSymbolExists.c.o: In function `main':
CheckSymbolExists.c:(.text+0x16): undefined reference to `pthread_create'
collect2: ошибка: выполнение ld завершилось с кодом возврата 1
make[1]: *** [CMakeFiles/cmTC_41b14.dir/build.make:98: cmTC_41b14] Ошибка 1
make[1]: выход из каталога «/home/qtkr64/work/tmp/ogre3d/ogre_lessons/build/CMakeFiles/CMakeTmp»
make: *** [Makefile:126: cmTC_41b14/fast] Ошибка 2

File /home/qtkr64/work/tmp/ogre3d/ogre_lessons/build/CMakeFiles/CMakeTmp/CheckSymbolExists.c:
/* */
#include <pthread.h>

int main(int argc, char** argv)
{
  (void)argv;
#ifndef pthread_create
  return ((int*)(&pthread_create))[argc];
#else
  (void)argc;
  return 0;
#endif
}

Determining if the function pthread_create exists in the pthreads failed with the following output:
Change Dir: /home/qtkr64/work/tmp/ogre3d/ogre_lessons/build/CMakeFiles/CMakeTmp

Run Build Command:"/usr/bin/make" "cmTC_c6a45/fast"
/usr/bin/make -f CMakeFiles/cmTC_c6a45.dir/build.make CMakeFiles/cmTC_c6a45.dir/build
make[1]: вход в каталог «/home/qtkr64/work/tmp/ogre3d/ogre_lessons/build/CMakeFiles/CMakeTmp»
Building C object CMakeFiles/cmTC_c6a45.dir/CheckFunctionExists.c.o
/usr/bin/cc    -DCHECK_FUNCTION_EXISTS=pthread_create   -o CMakeFiles/cmTC_c6a45.dir/CheckFunctionExists.c.o   -c /usr/share/cmake-3.6/Modules/CheckFunctionExists.c
Linking C executable cmTC_c6a45
/usr/bin/cmake -E cmake_link_script CMakeFiles/cmTC_c6a45.dir/link.txt --verbose=1
/usr/bin/cc   -DCHECK_FUNCTION_EXISTS=pthread_create    CMakeFiles/cmTC_c6a45.dir/CheckFunctionExists.c.o  -o cmTC_c6a45 -rdynamic -lpthreads 
/usr/bin/ld: cannot find -lpthreads
collect2: ошибка: выполнение ld завершилось с кодом возврата 1
make[1]: *** [CMakeFiles/cmTC_c6a45.dir/build.make:98: cmTC_c6a45] Ошибка 1
make[1]: выход из каталога «/home/qtkr64/work/tmp/ogre3d/ogre_lessons/build/CMakeFiles/CMakeTmp»
make: *** [Makefile:126: cmTC_c6a45/fast] Ошибка 2


