Determining if the pthread_create exist failed with the following output:
Change Dir: /home/lup/src/ogre_lessons/build_druid/CMakeFiles/CMakeTmp

Run Build Command:"/usr/bin/gmake" "cmTC_5a945/fast"
/usr/bin/gmake -f CMakeFiles/cmTC_5a945.dir/build.make CMakeFiles/cmTC_5a945.dir/build
gmake[1]: вход в каталог «/home/lup/src/ogre_lessons/build_druid/CMakeFiles/CMakeTmp»
Building C object CMakeFiles/cmTC_5a945.dir/CheckSymbolExists.c.o
/usr/bin/cc     -o CMakeFiles/cmTC_5a945.dir/CheckSymbolExists.c.o   -c /home/lup/src/ogre_lessons/build_druid/CMakeFiles/CMakeTmp/CheckSymbolExists.c
Linking C executable cmTC_5a945
/usr/bin/cmake -E cmake_link_script CMakeFiles/cmTC_5a945.dir/link.txt --verbose=1
/usr/bin/cc       CMakeFiles/cmTC_5a945.dir/CheckSymbolExists.c.o  -o cmTC_5a945 -rdynamic 
CMakeFiles/cmTC_5a945.dir/CheckSymbolExists.c.o: In function `main':
CheckSymbolExists.c:(.text+0x16): undefined reference to `pthread_create'
collect2: ошибка: выполнение ld завершилось с кодом возврата 1
CMakeFiles/cmTC_5a945.dir/build.make:97: ошибка выполнения рецепта для цели «cmTC_5a945»
gmake[1]: *** [cmTC_5a945] Ошибка 1
gmake[1]: выход из каталога «/home/lup/src/ogre_lessons/build_druid/CMakeFiles/CMakeTmp»
Makefile:126: ошибка выполнения рецепта для цели «cmTC_5a945/fast»
gmake: *** [cmTC_5a945/fast] Ошибка 2

File /home/lup/src/ogre_lessons/build_druid/CMakeFiles/CMakeTmp/CheckSymbolExists.c:
/* */
#include <pthread.h>

int main(int argc, char** argv)
{
  (void)argv;
#ifndef pthread_create
  return ((int*)(&pthread_create))[argc];
#else
  (void)argc;
  return 0;
#endif
}

Determining if the function pthread_create exists in the pthreads failed with the following output:
Change Dir: /home/lup/src/ogre_lessons/build_druid/CMakeFiles/CMakeTmp

Run Build Command:"/usr/bin/gmake" "cmTC_e40af/fast"
/usr/bin/gmake -f CMakeFiles/cmTC_e40af.dir/build.make CMakeFiles/cmTC_e40af.dir/build
gmake[1]: вход в каталог «/home/lup/src/ogre_lessons/build_druid/CMakeFiles/CMakeTmp»
Building C object CMakeFiles/cmTC_e40af.dir/CheckFunctionExists.c.o
/usr/bin/cc    -DCHECK_FUNCTION_EXISTS=pthread_create   -o CMakeFiles/cmTC_e40af.dir/CheckFunctionExists.c.o   -c /usr/share/cmake-3.5/Modules/CheckFunctionExists.c
Linking C executable cmTC_e40af
/usr/bin/cmake -E cmake_link_script CMakeFiles/cmTC_e40af.dir/link.txt --verbose=1
/usr/bin/cc   -DCHECK_FUNCTION_EXISTS=pthread_create    CMakeFiles/cmTC_e40af.dir/CheckFunctionExists.c.o  -o cmTC_e40af -rdynamic -lpthreads 
/usr/lib64/gcc/x86_64-slackware-linux/5.3.0/../../../../x86_64-slackware-linux/bin/ld: cannot find -lpthreads
collect2: ошибка: выполнение ld завершилось с кодом возврата 1
CMakeFiles/cmTC_e40af.dir/build.make:97: ошибка выполнения рецепта для цели «cmTC_e40af»
gmake[1]: *** [cmTC_e40af] Ошибка 1
gmake[1]: выход из каталога «/home/lup/src/ogre_lessons/build_druid/CMakeFiles/CMakeTmp»
Makefile:126: ошибка выполнения рецепта для цели «cmTC_e40af/fast»
gmake: *** [cmTC_e40af/fast] Ошибка 2


